2013-09-21 16:38:55,728 [plugins] [/home/lipengbo/workspace/ccf/plugins/common/utils.py.inner:576] [DEBUG]- timefunc: 'allocate_ip' took 0.01 secs
2013-09-21 16:38:55,749 [plugins] [/home/lipengbo/workspace/ccf/plugins/common/utils.py.inner:576] [DEBUG]- timefunc: 'create_subnet' took 0.01 secs
2013-09-21 16:38:55,765 [plugins] [/home/lipengbo/workspace/ccf/plugins/common/utils.py.inner:576] [DEBUG]- timefunc: 'delete_subnet' took 0.00 secs
2013-09-21 16:38:55,779 [plugins] [/home/lipengbo/workspace/ccf/plugins/common/utils.py.inner:576] [DEBUG]- timefunc: 'release_ip' took 0.00 secs
2013-09-21 16:50:37,055 [plugins] [/home/lipengbo/workspace/ccf/plugins/common/utils.py.inner:576] [DEBUG]- timefunc: 'create_subnet' took 0.02 secs
2013-09-21 16:50:37,064 [plugins] [/home/lipengbo/workspace/ccf/plugins/common/utils.py.inner:576] [DEBUG]- timefunc: 'allocate_ip' took 0.01 secs
2013-09-21 16:50:37,067 [plugins] [/home/lipengbo/workspace/ccf/plugins/common/utils.py.inner:576] [DEBUG]- timefunc: 'release_ip' took 0.00 secs
2013-09-21 16:52:57,281 [plugins] [/home/lipengbo/workspace/ccf/plugins/common/utils.py.inner:576] [DEBUG]- timefunc: 'create_subnet' took 0.01 secs
2013-09-21 16:52:57,288 [plugins] [/home/lipengbo/workspace/ccf/plugins/common/utils.py.inner:576] [DEBUG]- timefunc: 'allocate_ip' took 0.01 secs
2013-09-21 16:52:57,290 [plugins] [/home/lipengbo/workspace/ccf/plugins/common/utils.py.inner:576] [DEBUG]- timefunc: 'release_ip' took 0.00 secs
2013-09-21 16:57:20,107 [plugins] [/home/lipengbo/workspace/ccf/plugins/common/utils.py.inner:576] [DEBUG]- timefunc: 'create_subnet' took 0.01 secs
2013-09-21 16:57:20,116 [plugins] [/home/lipengbo/workspace/ccf/plugins/common/utils.py.inner:576] [DEBUG]- timefunc: 'allocate_ip' took 0.01 secs
2013-09-21 16:57:20,119 [plugins] [/home/lipengbo/workspace/ccf/plugins/common/utils.py.inner:576] [DEBUG]- timefunc: 'release_ip' took 0.00 secs
2013-09-21 16:58:59,991 [plugins] [/home/lipengbo/workspace/ccf/plugins/common/utils.py.inner:576] [DEBUG]- timefunc: 'create_subnet' took 0.01 secs
2013-09-21 16:59:00,001 [plugins] [/home/lipengbo/workspace/ccf/plugins/common/utils.py.inner:576] [DEBUG]- timefunc: 'allocate_ip' took 0.01 secs
2013-09-21 16:59:00,004 [plugins] [/home/lipengbo/workspace/ccf/plugins/common/utils.py.inner:576] [DEBUG]- timefunc: 'release_ip' took 0.00 secs
2013-09-21 17:00:43,504 [plugins] [/home/lipengbo/workspace/ccf/plugins/common/utils.py.inner:576] [DEBUG]- timefunc: 'create_subnet' took 0.02 secs
2013-09-21 17:00:43,512 [plugins] [/home/lipengbo/workspace/ccf/plugins/common/utils.py.inner:576] [DEBUG]- timefunc: 'allocate_ip' took 0.01 secs
2013-09-21 17:00:43,512 [plugins] [/home/lipengbo/workspace/ccf/plugins/common/utils.py.inner:576] [DEBUG]- timefunc: 'release_ip' took 0.00 secs
2013-09-21 17:02:11,563 [plugins] [/home/lipengbo/workspace/ccf/plugins/common/utils.py.inner:576] [DEBUG]- timefunc: 'create_subnet' took 0.01 secs
2013-09-21 17:02:11,571 [plugins] [/home/lipengbo/workspace/ccf/plugins/common/utils.py.inner:576] [DEBUG]- timefunc: 'allocate_ip' took 0.01 secs
2013-09-21 17:02:11,573 [plugins] [/home/lipengbo/workspace/ccf/plugins/common/utils.py.inner:576] [DEBUG]- timefunc: 'release_ip' took 0.00 secs
2013-09-21 17:02:11,577 [plugins] [/home/lipengbo/workspace/ccf/plugins/common/utils.py.inner:576] [DEBUG]- timefunc: 'delete_subnet' took 0.00 secs
2013-09-21 17:18:06,265 [plugins] [/home/lipengbo/workspace/ccf/plugins/common/utils.py.inner:576] [DEBUG]- timefunc: 'create_subnet' took 0.01 secs
2013-09-21 17:18:06,271 [plugins] [/home/lipengbo/workspace/ccf/plugins/common/utils.py.inner:576] [DEBUG]- timefunc: 'allocate_ip' took 0.01 secs
2013-09-21 17:18:06,272 [plugins] [/home/lipengbo/workspace/ccf/plugins/common/utils.py.inner:576] [DEBUG]- timefunc: 'release_ip' took 0.00 secs
2013-09-21 17:18:06,277 [plugins] [/home/lipengbo/workspace/ccf/plugins/common/utils.py.inner:576] [DEBUG]- timefunc: 'delete_subnet' took 0.00 secs
2013-09-22 02:59:58,549 [plugins] [/home/lipengbo/workspace/ccf/plugins/common/utils.py.inner:576] [DEBUG]- timefunc: 'allocate_ip' took 0.75 secs
2013-09-22 02:59:58,585 [plugins] [/home/lipengbo/workspace/ccf/plugins/common/utils.py.inner:576] [DEBUG]- timefunc: 'release_ip' took 0.00 secs
2013-09-22 03:00:44,269 [plugins] [/home/lipengbo/workspace/ccf/plugins/common/utils.py.inner:576] [DEBUG]- timefunc: 'allocate_ip' took 0.74 secs
2013-09-22 03:00:44,270 [plugins] [/home/lipengbo/workspace/ccf/plugins/common/utils.py.inner:576] [DEBUG]- timefunc: 'release_ip' took 0.00 secs
2013-09-22 03:04:05,828 [plugins] [/home/lipengbo/workspace/ccf/plugins/common/utils.py.inner:576] [DEBUG]- timefunc: 'allocate_ip' took 0.76 secs
2013-09-22 03:04:06,583 [plugins] [/home/lipengbo/workspace/ccf/plugins/common/utils.py.inner:576] [DEBUG]- timefunc: 'allocate_ip' took 0.75 secs
2013-09-22 03:04:06,584 [plugins] [/home/lipengbo/workspace/ccf/plugins/common/utils.py.inner:576] [DEBUG]- timefunc: 'release_ip' took 0.00 secs
2013-09-22 03:04:07,341 [plugins] [/home/lipengbo/workspace/ccf/plugins/common/utils.py.inner:576] [DEBUG]- timefunc: 'allocate_ip' took 0.76 secs
2013-09-22 03:04:08,097 [plugins] [/home/lipengbo/workspace/ccf/plugins/common/utils.py.inner:576] [DEBUG]- timefunc: 'allocate_ip' took 0.76 secs
2013-09-22 03:04:08,099 [plugins] [/home/lipengbo/workspace/ccf/plugins/common/utils.py.inner:576] [DEBUG]- timefunc: 'release_ip' took 0.00 secs
2013-09-22 03:04:08,851 [plugins] [/home/lipengbo/workspace/ccf/plugins/common/utils.py.inner:576] [DEBUG]- timefunc: 'allocate_ip' took 0.75 secs
2013-09-22 03:04:09,609 [plugins] [/home/lipengbo/workspace/ccf/plugins/common/utils.py.inner:576] [DEBUG]- timefunc: 'allocate_ip' took 0.76 secs
2013-09-22 03:04:09,610 [plugins] [/home/lipengbo/workspace/ccf/plugins/common/utils.py.inner:576] [DEBUG]- timefunc: 'release_ip' took 0.00 secs
2013-09-22 03:04:10,367 [plugins] [/home/lipengbo/workspace/ccf/plugins/common/utils.py.inner:576] [DEBUG]- timefunc: 'allocate_ip' took 0.76 secs
2013-09-22 03:04:11,123 [plugins] [/home/lipengbo/workspace/ccf/plugins/common/utils.py.inner:576] [DEBUG]- timefunc: 'allocate_ip' took 0.76 secs
2013-09-22 03:04:11,125 [plugins] [/home/lipengbo/workspace/ccf/plugins/common/utils.py.inner:576] [DEBUG]- timefunc: 'release_ip' took 0.00 secs
2013-09-22 03:04:11,885 [plugins] [/home/lipengbo/workspace/ccf/plugins/common/utils.py.inner:576] [DEBUG]- timefunc: 'allocate_ip' took 0.76 secs
2013-09-22 03:04:12,639 [plugins] [/home/lipengbo/workspace/ccf/plugins/common/utils.py.inner:576] [DEBUG]- timefunc: 'allocate_ip' took 0.75 secs
2013-09-22 03:04:12,640 [plugins] [/home/lipengbo/workspace/ccf/plugins/common/utils.py.inner:576] [DEBUG]- timefunc: 'release_ip' took 0.00 secs
2013-09-22 03:04:13,399 [plugins] [/home/lipengbo/workspace/ccf/plugins/common/utils.py.inner:576] [DEBUG]- timefunc: 'allocate_ip' took 0.76 secs
2013-09-22 03:04:14,155 [plugins] [/home/lipengbo/workspace/ccf/plugins/common/utils.py.inner:576] [DEBUG]- timefunc: 'allocate_ip' took 0.76 secs
2013-09-22 03:04:14,157 [plugins] [/home/lipengbo/workspace/ccf/plugins/common/utils.py.inner:576] [DEBUG]- timefunc: 'release_ip' took 0.00 secs
2013-09-22 03:04:14,905 [plugins] [/home/lipengbo/workspace/ccf/plugins/common/utils.py.inner:576] [DEBUG]- timefunc: 'allocate_ip' took 0.75 secs
2013-09-22 03:04:15,658 [plugins] [/home/lipengbo/workspace/ccf/plugins/common/utils.py.inner:576] [DEBUG]- timefunc: 'allocate_ip' took 0.75 secs
2013-09-22 03:04:15,659 [plugins] [/home/lipengbo/workspace/ccf/plugins/common/utils.py.inner:576] [DEBUG]- timefunc: 'release_ip' took 0.00 secs
2013-09-22 03:04:16,419 [plugins] [/home/lipengbo/workspace/ccf/plugins/common/utils.py.inner:576] [DEBUG]- timefunc: 'allocate_ip' took 0.76 secs
2013-09-22 03:04:17,175 [plugins] [/home/lipengbo/workspace/ccf/plugins/common/utils.py.inner:576] [DEBUG]- timefunc: 'allocate_ip' took 0.76 secs
2013-09-22 03:04:17,176 [plugins] [/home/lipengbo/workspace/ccf/plugins/common/utils.py.inner:576] [DEBUG]- timefunc: 'release_ip' took 0.00 secs
2013-09-22 03:04:17,935 [plugins] [/home/lipengbo/workspace/ccf/plugins/common/utils.py.inner:576] [DEBUG]- timefunc: 'allocate_ip' took 0.76 secs
2013-09-22 03:04:18,693 [plugins] [/home/lipengbo/workspace/ccf/plugins/common/utils.py.inner:576] [DEBUG]- timefunc: 'allocate_ip' took 0.76 secs
2013-09-22 03:04:18,695 [plugins] [/home/lipengbo/workspace/ccf/plugins/common/utils.py.inner:576] [DEBUG]- timefunc: 'release_ip' took 0.00 secs
2013-09-22 03:04:19,444 [plugins] [/home/lipengbo/workspace/ccf/plugins/common/utils.py.inner:576] [DEBUG]- timefunc: 'allocate_ip' took 0.75 secs
2013-09-22 03:04:20,197 [plugins] [/home/lipengbo/workspace/ccf/plugins/common/utils.py.inner:576] [DEBUG]- timefunc: 'allocate_ip' took 0.75 secs
2013-09-22 03:04:20,199 [plugins] [/home/lipengbo/workspace/ccf/plugins/common/utils.py.inner:576] [DEBUG]- timefunc: 'release_ip' took 0.00 secs
2013-09-22 03:04:20,961 [plugins] [/home/lipengbo/workspace/ccf/plugins/common/utils.py.inner:576] [DEBUG]- timefunc: 'allocate_ip' took 0.75 secs
2013-09-22 03:04:21,718 [plugins] [/home/lipengbo/workspace/ccf/plugins/common/utils.py.inner:576] [DEBUG]- timefunc: 'allocate_ip' took 0.76 secs
2013-09-22 03:04:21,719 [plugins] [/home/lipengbo/workspace/ccf/plugins/common/utils.py.inner:576] [DEBUG]- timefunc: 'release_ip' took 0.00 secs
2013-09-22 03:04:22,484 [plugins] [/home/lipengbo/workspace/ccf/plugins/common/utils.py.inner:576] [DEBUG]- timefunc: 'allocate_ip' took 0.76 secs
2013-09-22 03:04:23,249 [plugins] [/home/lipengbo/workspace/ccf/plugins/common/utils.py.inner:576] [DEBUG]- timefunc: 'allocate_ip' took 0.76 secs
2013-09-22 03:04:23,250 [plugins] [/home/lipengbo/workspace/ccf/plugins/common/utils.py.inner:576] [DEBUG]- timefunc: 'release_ip' took 0.00 secs
2013-09-22 03:04:24,004 [plugins] [/home/lipengbo/workspace/ccf/plugins/common/utils.py.inner:576] [DEBUG]- timefunc: 'allocate_ip' took 0.75 secs
2013-09-22 03:04:24,765 [plugins] [/home/lipengbo/workspace/ccf/plugins/common/utils.py.inner:576] [DEBUG]- timefunc: 'allocate_ip' took 0.76 secs
2013-09-22 03:04:24,766 [plugins] [/home/lipengbo/workspace/ccf/plugins/common/utils.py.inner:576] [DEBUG]- timefunc: 'release_ip' took 0.00 secs
2013-09-22 03:04:25,534 [plugins] [/home/lipengbo/workspace/ccf/plugins/common/utils.py.inner:576] [DEBUG]- timefunc: 'allocate_ip' took 0.77 secs
2013-09-22 03:04:26,303 [plugins] [/home/lipengbo/workspace/ccf/plugins/common/utils.py.inner:576] [DEBUG]- timefunc: 'allocate_ip' took 0.77 secs
2013-09-22 03:04:26,305 [plugins] [/home/lipengbo/workspace/ccf/plugins/common/utils.py.inner:576] [DEBUG]- timefunc: 'release_ip' took 0.00 secs
2013-09-22 03:04:27,052 [plugins] [/home/lipengbo/workspace/ccf/plugins/common/utils.py.inner:576] [DEBUG]- timefunc: 'allocate_ip' took 0.75 secs
2013-09-22 03:04:27,807 [plugins] [/home/lipengbo/workspace/ccf/plugins/common/utils.py.inner:576] [DEBUG]- timefunc: 'allocate_ip' took 0.75 secs
2013-09-22 03:04:27,808 [plugins] [/home/lipengbo/workspace/ccf/plugins/common/utils.py.inner:576] [DEBUG]- timefunc: 'release_ip' took 0.00 secs
2013-09-22 03:04:28,566 [plugins] [/home/lipengbo/workspace/ccf/plugins/common/utils.py.inner:576] [DEBUG]- timefunc: 'allocate_ip' took 0.76 secs
2013-09-22 03:04:29,336 [plugins] [/home/lipengbo/workspace/ccf/plugins/common/utils.py.inner:576] [DEBUG]- timefunc: 'allocate_ip' took 0.77 secs
2013-09-22 03:04:29,338 [plugins] [/home/lipengbo/workspace/ccf/plugins/common/utils.py.inner:576] [DEBUG]- timefunc: 'release_ip' took 0.00 secs
2013-09-22 03:04:30,098 [plugins] [/home/lipengbo/workspace/ccf/plugins/common/utils.py.inner:576] [DEBUG]- timefunc: 'allocate_ip' took 0.76 secs
2013-09-22 03:04:30,855 [plugins] [/home/lipengbo/workspace/ccf/plugins/common/utils.py.inner:576] [DEBUG]- timefunc: 'allocate_ip' took 0.76 secs
2013-09-22 03:04:30,856 [plugins] [/home/lipengbo/workspace/ccf/plugins/common/utils.py.inner:576] [DEBUG]- timefunc: 'release_ip' took 0.00 secs
2013-09-22 03:04:31,615 [plugins] [/home/lipengbo/workspace/ccf/plugins/common/utils.py.inner:576] [DEBUG]- timefunc: 'allocate_ip' took 0.76 secs
2013-09-22 03:04:32,374 [plugins] [/home/lipengbo/workspace/ccf/plugins/common/utils.py.inner:576] [DEBUG]- timefunc: 'allocate_ip' took 0.76 secs
2013-09-22 03:04:32,375 [plugins] [/home/lipengbo/workspace/ccf/plugins/common/utils.py.inner:576] [DEBUG]- timefunc: 'release_ip' took 0.00 secs
2013-09-22 03:04:33,131 [plugins] [/home/lipengbo/workspace/ccf/plugins/common/utils.py.inner:576] [DEBUG]- timefunc: 'allocate_ip' took 0.76 secs
2013-09-22 03:04:33,883 [plugins] [/home/lipengbo/workspace/ccf/plugins/common/utils.py.inner:576] [DEBUG]- timefunc: 'allocate_ip' took 0.75 secs
2013-09-22 03:04:33,885 [plugins] [/home/lipengbo/workspace/ccf/plugins/common/utils.py.inner:576] [DEBUG]- timefunc: 'release_ip' took 0.00 secs
2013-09-22 03:04:34,664 [plugins] [/home/lipengbo/workspace/ccf/plugins/common/utils.py.inner:576] [DEBUG]- timefunc: 'allocate_ip' took 0.78 secs
2013-09-22 03:04:35,428 [plugins] [/home/lipengbo/workspace/ccf/plugins/common/utils.py.inner:576] [DEBUG]- timefunc: 'allocate_ip' took 0.76 secs
2013-09-22 03:04:35,429 [plugins] [/home/lipengbo/workspace/ccf/plugins/common/utils.py.inner:576] [DEBUG]- timefunc: 'release_ip' took 0.00 secs
2013-09-22 03:04:36,181 [plugins] [/home/lipengbo/workspace/ccf/plugins/common/utils.py.inner:576] [DEBUG]- timefunc: 'allocate_ip' took 0.75 secs
2013-09-22 03:04:36,937 [plugins] [/home/lipengbo/workspace/ccf/plugins/common/utils.py.inner:576] [DEBUG]- timefunc: 'allocate_ip' took 0.76 secs
2013-09-22 03:04:36,938 [plugins] [/home/lipengbo/workspace/ccf/plugins/common/utils.py.inner:576] [DEBUG]- timefunc: 'release_ip' took 0.00 secs
2013-09-22 03:04:37,708 [plugins] [/home/lipengbo/workspace/ccf/plugins/common/utils.py.inner:576] [DEBUG]- timefunc: 'allocate_ip' took 0.77 secs
2013-09-22 03:04:38,476 [plugins] [/home/lipengbo/workspace/ccf/plugins/common/utils.py.inner:576] [DEBUG]- timefunc: 'allocate_ip' took 0.77 secs
2013-09-22 03:04:38,478 [plugins] [/home/lipengbo/workspace/ccf/plugins/common/utils.py.inner:576] [DEBUG]- timefunc: 'release_ip' took 0.00 secs
2013-09-22 03:04:39,241 [plugins] [/home/lipengbo/workspace/ccf/plugins/common/utils.py.inner:576] [DEBUG]- timefunc: 'allocate_ip' took 0.76 secs
2013-09-22 03:04:39,997 [plugins] [/home/lipengbo/workspace/ccf/plugins/common/utils.py.inner:576] [DEBUG]- timefunc: 'allocate_ip' took 0.75 secs
2013-09-22 03:04:39,998 [plugins] [/home/lipengbo/workspace/ccf/plugins/common/utils.py.inner:576] [DEBUG]- timefunc: 'release_ip' took 0.00 secs
2013-09-22 03:04:40,764 [plugins] [/home/lipengbo/workspace/ccf/plugins/common/utils.py.inner:576] [DEBUG]- timefunc: 'allocate_ip' took 0.77 secs
2013-09-22 03:04:41,524 [plugins] [/home/lipengbo/workspace/ccf/plugins/common/utils.py.inner:576] [DEBUG]- timefunc: 'allocate_ip' took 0.76 secs
2013-09-22 03:04:41,525 [plugins] [/home/lipengbo/workspace/ccf/plugins/common/utils.py.inner:576] [DEBUG]- timefunc: 'release_ip' took 0.00 secs
2013-09-22 03:04:42,290 [plugins] [/home/lipengbo/workspace/ccf/plugins/common/utils.py.inner:576] [DEBUG]- timefunc: 'allocate_ip' took 0.76 secs
2013-09-22 03:04:43,049 [plugins] [/home/lipengbo/workspace/ccf/plugins/common/utils.py.inner:576] [DEBUG]- timefunc: 'allocate_ip' took 0.76 secs
2013-09-22 03:04:43,050 [plugins] [/home/lipengbo/workspace/ccf/plugins/common/utils.py.inner:576] [DEBUG]- timefunc: 'release_ip' took 0.00 secs
2013-09-22 03:04:43,808 [plugins] [/home/lipengbo/workspace/ccf/plugins/common/utils.py.inner:576] [DEBUG]- timefunc: 'allocate_ip' took 0.76 secs
2013-09-22 03:04:44,564 [plugins] [/home/lipengbo/workspace/ccf/plugins/common/utils.py.inner:576] [DEBUG]- timefunc: 'allocate_ip' took 0.76 secs
2013-09-22 03:04:44,565 [plugins] [/home/lipengbo/workspace/ccf/plugins/common/utils.py.inner:576] [DEBUG]- timefunc: 'release_ip' took 0.00 secs
2013-09-22 03:04:45,326 [plugins] [/home/lipengbo/workspace/ccf/plugins/common/utils.py.inner:576] [DEBUG]- timefunc: 'allocate_ip' took 0.76 secs
2013-09-22 03:04:46,086 [plugins] [/home/lipengbo/workspace/ccf/plugins/common/utils.py.inner:576] [DEBUG]- timefunc: 'allocate_ip' took 0.76 secs
2013-09-22 03:04:46,088 [plugins] [/home/lipengbo/workspace/ccf/plugins/common/utils.py.inner:576] [DEBUG]- timefunc: 'release_ip' took 0.00 secs
2013-09-22 03:04:46,849 [plugins] [/home/lipengbo/workspace/ccf/plugins/common/utils.py.inner:576] [DEBUG]- timefunc: 'allocate_ip' took 0.76 secs
2013-09-22 03:04:47,615 [plugins] [/home/lipengbo/workspace/ccf/plugins/common/utils.py.inner:576] [DEBUG]- timefunc: 'allocate_ip' took 0.77 secs
2013-09-22 03:04:47,617 [plugins] [/home/lipengbo/workspace/ccf/plugins/common/utils.py.inner:576] [DEBUG]- timefunc: 'release_ip' took 0.00 secs
2013-09-22 03:04:48,383 [plugins] [/home/lipengbo/workspace/ccf/plugins/common/utils.py.inner:576] [DEBUG]- timefunc: 'allocate_ip' took 0.77 secs
2013-09-22 03:04:49,143 [plugins] [/home/lipengbo/workspace/ccf/plugins/common/utils.py.inner:576] [DEBUG]- timefunc: 'allocate_ip' took 0.76 secs
2013-09-22 03:04:49,144 [plugins] [/home/lipengbo/workspace/ccf/plugins/common/utils.py.inner:576] [DEBUG]- timefunc: 'release_ip' took 0.00 secs
2013-09-22 03:04:49,921 [plugins] [/home/lipengbo/workspace/ccf/plugins/common/utils.py.inner:576] [DEBUG]- timefunc: 'allocate_ip' took 0.78 secs
2013-09-22 03:04:50,682 [plugins] [/home/lipengbo/workspace/ccf/plugins/common/utils.py.inner:576] [DEBUG]- timefunc: 'allocate_ip' took 0.76 secs
2013-09-22 03:04:50,683 [plugins] [/home/lipengbo/workspace/ccf/plugins/common/utils.py.inner:576] [DEBUG]- timefunc: 'release_ip' took 0.00 secs
2013-09-22 03:04:51,442 [plugins] [/home/lipengbo/workspace/ccf/plugins/common/utils.py.inner:576] [DEBUG]- timefunc: 'allocate_ip' took 0.76 secs
2013-09-22 03:04:52,195 [plugins] [/home/lipengbo/workspace/ccf/plugins/common/utils.py.inner:576] [DEBUG]- timefunc: 'allocate_ip' took 0.75 secs
2013-09-22 03:04:52,197 [plugins] [/home/lipengbo/workspace/ccf/plugins/common/utils.py.inner:576] [DEBUG]- timefunc: 'release_ip' took 0.00 secs
2013-09-22 03:04:52,964 [plugins] [/home/lipengbo/workspace/ccf/plugins/common/utils.py.inner:576] [DEBUG]- timefunc: 'allocate_ip' took 0.77 secs
2013-09-22 03:04:53,726 [plugins] [/home/lipengbo/workspace/ccf/plugins/common/utils.py.inner:576] [DEBUG]- timefunc: 'allocate_ip' took 0.76 secs
2013-09-22 03:04:53,727 [plugins] [/home/lipengbo/workspace/ccf/plugins/common/utils.py.inner:576] [DEBUG]- timefunc: 'release_ip' took 0.00 secs
2013-09-22 03:04:54,489 [plugins] [/home/lipengbo/workspace/ccf/plugins/common/utils.py.inner:576] [DEBUG]- timefunc: 'allocate_ip' took 0.76 secs
2013-09-22 03:04:55,253 [plugins] [/home/lipengbo/workspace/ccf/plugins/common/utils.py.inner:576] [DEBUG]- timefunc: 'allocate_ip' took 0.76 secs
2013-09-22 03:04:55,254 [plugins] [/home/lipengbo/workspace/ccf/plugins/common/utils.py.inner:576] [DEBUG]- timefunc: 'release_ip' took 0.00 secs
2013-09-22 03:04:56,019 [plugins] [/home/lipengbo/workspace/ccf/plugins/common/utils.py.inner:576] [DEBUG]- timefunc: 'allocate_ip' took 0.76 secs
2013-09-22 03:04:56,783 [plugins] [/home/lipengbo/workspace/ccf/plugins/common/utils.py.inner:576] [DEBUG]- timefunc: 'allocate_ip' took 0.76 secs
2013-09-22 03:04:56,785 [plugins] [/home/lipengbo/workspace/ccf/plugins/common/utils.py.inner:576] [DEBUG]- timefunc: 'release_ip' took 0.00 secs
2013-09-22 03:04:57,537 [plugins] [/home/lipengbo/workspace/ccf/plugins/common/utils.py.inner:576] [DEBUG]- timefunc: 'allocate_ip' took 0.75 secs
2013-09-22 03:04:58,291 [plugins] [/home/lipengbo/workspace/ccf/plugins/common/utils.py.inner:576] [DEBUG]- timefunc: 'allocate_ip' took 0.75 secs
2013-09-22 03:04:58,292 [plugins] [/home/lipengbo/workspace/ccf/plugins/common/utils.py.inner:576] [DEBUG]- timefunc: 'release_ip' took 0.00 secs
2013-09-22 03:04:59,056 [plugins] [/home/lipengbo/workspace/ccf/plugins/common/utils.py.inner:576] [DEBUG]- timefunc: 'allocate_ip' took 0.76 secs
2013-09-22 03:04:59,816 [plugins] [/home/lipengbo/workspace/ccf/plugins/common/utils.py.inner:576] [DEBUG]- timefunc: 'allocate_ip' took 0.76 secs
2013-09-22 03:04:59,817 [plugins] [/home/lipengbo/workspace/ccf/plugins/common/utils.py.inner:576] [DEBUG]- timefunc: 'release_ip' took 0.00 secs
2013-09-22 03:05:00,584 [plugins] [/home/lipengbo/workspace/ccf/plugins/common/utils.py.inner:576] [DEBUG]- timefunc: 'allocate_ip' took 0.77 secs
2013-09-22 03:05:01,349 [plugins] [/home/lipengbo/workspace/ccf/plugins/common/utils.py.inner:576] [DEBUG]- timefunc: 'allocate_ip' took 0.76 secs
2013-09-22 03:05:01,350 [plugins] [/home/lipengbo/workspace/ccf/plugins/common/utils.py.inner:576] [DEBUG]- timefunc: 'release_ip' took 0.00 secs
2013-09-22 03:05:02,121 [plugins] [/home/lipengbo/workspace/ccf/plugins/common/utils.py.inner:576] [DEBUG]- timefunc: 'allocate_ip' took 0.77 secs
2013-09-22 03:05:02,878 [plugins] [/home/lipengbo/workspace/ccf/plugins/common/utils.py.inner:576] [DEBUG]- timefunc: 'allocate_ip' took 0.76 secs
2013-09-22 03:05:02,879 [plugins] [/home/lipengbo/workspace/ccf/plugins/common/utils.py.inner:576] [DEBUG]- timefunc: 'release_ip' took 0.00 secs
2013-09-22 03:05:03,643 [plugins] [/home/lipengbo/workspace/ccf/plugins/common/utils.py.inner:576] [DEBUG]- timefunc: 'allocate_ip' took 0.76 secs
2013-09-22 03:05:04,399 [plugins] [/home/lipengbo/workspace/ccf/plugins/common/utils.py.inner:576] [DEBUG]- timefunc: 'allocate_ip' took 0.76 secs
2013-09-22 03:05:04,401 [plugins] [/home/lipengbo/workspace/ccf/plugins/common/utils.py.inner:576] [DEBUG]- timefunc: 'release_ip' took 0.00 secs
2013-09-22 03:05:05,169 [plugins] [/home/lipengbo/workspace/ccf/plugins/common/utils.py.inner:576] [DEBUG]- timefunc: 'allocate_ip' took 0.77 secs
2013-09-22 03:05:05,936 [plugins] [/home/lipengbo/workspace/ccf/plugins/common/utils.py.inner:576] [DEBUG]- timefunc: 'allocate_ip' took 0.77 secs
2013-09-22 03:05:05,937 [plugins] [/home/lipengbo/workspace/ccf/plugins/common/utils.py.inner:576] [DEBUG]- timefunc: 'release_ip' took 0.00 secs
2013-09-22 03:05:06,695 [plugins] [/home/lipengbo/workspace/ccf/plugins/common/utils.py.inner:576] [DEBUG]- timefunc: 'allocate_ip' took 0.76 secs
2013-09-22 03:05:07,460 [plugins] [/home/lipengbo/workspace/ccf/plugins/common/utils.py.inner:576] [DEBUG]- timefunc: 'allocate_ip' took 0.76 secs
2013-09-22 03:05:07,462 [plugins] [/home/lipengbo/workspace/ccf/plugins/common/utils.py.inner:576] [DEBUG]- timefunc: 'release_ip' took 0.00 secs
2013-09-22 03:05:08,227 [plugins] [/home/lipengbo/workspace/ccf/plugins/common/utils.py.inner:576] [DEBUG]- timefunc: 'allocate_ip' took 0.76 secs
2013-09-22 03:05:08,989 [plugins] [/home/lipengbo/workspace/ccf/plugins/common/utils.py.inner:576] [DEBUG]- timefunc: 'allocate_ip' took 0.76 secs
2013-09-22 03:05:08,990 [plugins] [/home/lipengbo/workspace/ccf/plugins/common/utils.py.inner:576] [DEBUG]- timefunc: 'release_ip' took 0.00 secs
2013-09-22 03:05:09,751 [plugins] [/home/lipengbo/workspace/ccf/plugins/common/utils.py.inner:576] [DEBUG]- timefunc: 'allocate_ip' took 0.76 secs
2013-09-22 03:05:10,508 [plugins] [/home/lipengbo/workspace/ccf/plugins/common/utils.py.inner:576] [DEBUG]- timefunc: 'allocate_ip' took 0.76 secs
2013-09-22 03:05:10,509 [plugins] [/home/lipengbo/workspace/ccf/plugins/common/utils.py.inner:576] [DEBUG]- timefunc: 'release_ip' took 0.00 secs
2013-09-22 03:05:11,272 [plugins] [/home/lipengbo/workspace/ccf/plugins/common/utils.py.inner:576] [DEBUG]- timefunc: 'allocate_ip' took 0.76 secs
2013-09-22 03:05:12,038 [plugins] [/home/lipengbo/workspace/ccf/plugins/common/utils.py.inner:576] [DEBUG]- timefunc: 'allocate_ip' took 0.77 secs
2013-09-22 03:05:12,039 [plugins] [/home/lipengbo/workspace/ccf/plugins/common/utils.py.inner:576] [DEBUG]- timefunc: 'release_ip' took 0.00 secs
2013-09-22 03:05:12,805 [plugins] [/home/lipengbo/workspace/ccf/plugins/common/utils.py.inner:576] [DEBUG]- timefunc: 'allocate_ip' took 0.76 secs
2013-09-22 03:05:13,566 [plugins] [/home/lipengbo/workspace/ccf/plugins/common/utils.py.inner:576] [DEBUG]- timefunc: 'allocate_ip' took 0.76 secs
2013-09-22 03:05:13,568 [plugins] [/home/lipengbo/workspace/ccf/plugins/common/utils.py.inner:576] [DEBUG]- timefunc: 'release_ip' took 0.00 secs
2013-09-22 03:05:14,341 [plugins] [/home/lipengbo/workspace/ccf/plugins/common/utils.py.inner:576] [DEBUG]- timefunc: 'allocate_ip' took 0.77 secs
2013-09-22 03:05:15,096 [plugins] [/home/lipengbo/workspace/ccf/plugins/common/utils.py.inner:576] [DEBUG]- timefunc: 'allocate_ip' took 0.75 secs
2013-09-22 03:05:15,098 [plugins] [/home/lipengbo/workspace/ccf/plugins/common/utils.py.inner:576] [DEBUG]- timefunc: 'release_ip' took 0.00 secs
2013-09-22 03:05:15,866 [plugins] [/home/lipengbo/workspace/ccf/plugins/common/utils.py.inner:576] [DEBUG]- timefunc: 'allocate_ip' took 0.77 secs
2013-09-22 03:05:16,627 [plugins] [/home/lipengbo/workspace/ccf/plugins/common/utils.py.inner:576] [DEBUG]- timefunc: 'allocate_ip' took 0.76 secs
2013-09-22 03:05:16,628 [plugins] [/home/lipengbo/workspace/ccf/plugins/common/utils.py.inner:576] [DEBUG]- timefunc: 'release_ip' took 0.00 secs
2013-09-22 03:05:17,385 [plugins] [/home/lipengbo/workspace/ccf/plugins/common/utils.py.inner:576] [DEBUG]- timefunc: 'allocate_ip' took 0.76 secs
2013-09-22 03:05:18,136 [plugins] [/home/lipengbo/workspace/ccf/plugins/common/utils.py.inner:576] [DEBUG]- timefunc: 'allocate_ip' took 0.75 secs
2013-09-22 03:05:18,137 [plugins] [/home/lipengbo/workspace/ccf/plugins/common/utils.py.inner:576] [DEBUG]- timefunc: 'release_ip' took 0.00 secs
2013-09-22 03:05:18,899 [plugins] [/home/lipengbo/workspace/ccf/plugins/common/utils.py.inner:576] [DEBUG]- timefunc: 'allocate_ip' took 0.76 secs
2013-09-22 03:05:19,652 [plugins] [/home/lipengbo/workspace/ccf/plugins/common/utils.py.inner:576] [DEBUG]- timefunc: 'allocate_ip' took 0.75 secs
2013-09-22 03:05:19,653 [plugins] [/home/lipengbo/workspace/ccf/plugins/common/utils.py.inner:576] [DEBUG]- timefunc: 'release_ip' took 0.00 secs
2013-09-22 03:05:20,421 [plugins] [/home/lipengbo/workspace/ccf/plugins/common/utils.py.inner:576] [DEBUG]- timefunc: 'allocate_ip' took 0.77 secs
2013-09-22 03:05:21,175 [plugins] [/home/lipengbo/workspace/ccf/plugins/common/utils.py.inner:576] [DEBUG]- timefunc: 'allocate_ip' took 0.75 secs
2013-09-22 03:05:21,177 [plugins] [/home/lipengbo/workspace/ccf/plugins/common/utils.py.inner:576] [DEBUG]- timefunc: 'release_ip' took 0.00 secs
2013-09-22 03:05:21,941 [plugins] [/home/lipengbo/workspace/ccf/plugins/common/utils.py.inner:576] [DEBUG]- timefunc: 'allocate_ip' took 0.76 secs
2013-09-22 03:05:22,702 [plugins] [/home/lipengbo/workspace/ccf/plugins/common/utils.py.inner:576] [DEBUG]- timefunc: 'allocate_ip' took 0.76 secs
2013-09-22 03:05:22,703 [plugins] [/home/lipengbo/workspace/ccf/plugins/common/utils.py.inner:576] [DEBUG]- timefunc: 'release_ip' took 0.00 secs
2013-09-22 03:05:23,471 [plugins] [/home/lipengbo/workspace/ccf/plugins/common/utils.py.inner:576] [DEBUG]- timefunc: 'allocate_ip' took 0.77 secs
2013-09-22 03:05:24,235 [plugins] [/home/lipengbo/workspace/ccf/plugins/common/utils.py.inner:576] [DEBUG]- timefunc: 'allocate_ip' took 0.76 secs
2013-09-22 03:05:24,236 [plugins] [/home/lipengbo/workspace/ccf/plugins/common/utils.py.inner:576] [DEBUG]- timefunc: 'release_ip' took 0.00 secs
2013-09-22 03:05:24,996 [plugins] [/home/lipengbo/workspace/ccf/plugins/common/utils.py.inner:576] [DEBUG]- timefunc: 'allocate_ip' took 0.76 secs
2013-09-22 03:05:25,758 [plugins] [/home/lipengbo/workspace/ccf/plugins/common/utils.py.inner:576] [DEBUG]- timefunc: 'allocate_ip' took 0.76 secs
2013-09-22 03:05:25,759 [plugins] [/home/lipengbo/workspace/ccf/plugins/common/utils.py.inner:576] [DEBUG]- timefunc: 'release_ip' took 0.00 secs
2013-09-22 03:05:26,529 [plugins] [/home/lipengbo/workspace/ccf/plugins/common/utils.py.inner:576] [DEBUG]- timefunc: 'allocate_ip' took 0.77 secs
2013-09-22 03:05:27,291 [plugins] [/home/lipengbo/workspace/ccf/plugins/common/utils.py.inner:576] [DEBUG]- timefunc: 'allocate_ip' took 0.76 secs
2013-09-22 03:05:27,292 [plugins] [/home/lipengbo/workspace/ccf/plugins/common/utils.py.inner:576] [DEBUG]- timefunc: 'release_ip' took 0.00 secs
2013-09-22 03:05:28,054 [plugins] [/home/lipengbo/workspace/ccf/plugins/common/utils.py.inner:576] [DEBUG]- timefunc: 'allocate_ip' took 0.76 secs
2013-09-22 03:05:28,808 [plugins] [/home/lipengbo/workspace/ccf/plugins/common/utils.py.inner:576] [DEBUG]- timefunc: 'allocate_ip' took 0.75 secs
2013-09-22 03:05:28,810 [plugins] [/home/lipengbo/workspace/ccf/plugins/common/utils.py.inner:576] [DEBUG]- timefunc: 'release_ip' took 0.00 secs
2013-09-22 03:05:29,573 [plugins] [/home/lipengbo/workspace/ccf/plugins/common/utils.py.inner:576] [DEBUG]- timefunc: 'allocate_ip' took 0.76 secs
2013-09-22 03:05:30,340 [plugins] [/home/lipengbo/workspace/ccf/plugins/common/utils.py.inner:576] [DEBUG]- timefunc: 'allocate_ip' took 0.77 secs
2013-09-22 03:05:30,341 [plugins] [/home/lipengbo/workspace/ccf/plugins/common/utils.py.inner:576] [DEBUG]- timefunc: 'release_ip' took 0.00 secs
2013-09-22 03:05:31,110 [plugins] [/home/lipengbo/workspace/ccf/plugins/common/utils.py.inner:576] [DEBUG]- timefunc: 'allocate_ip' took 0.77 secs
2013-09-22 03:05:31,873 [plugins] [/home/lipengbo/workspace/ccf/plugins/common/utils.py.inner:576] [DEBUG]- timefunc: 'allocate_ip' took 0.76 secs
2013-09-22 03:05:31,874 [plugins] [/home/lipengbo/workspace/ccf/plugins/common/utils.py.inner:576] [DEBUG]- timefunc: 'release_ip' took 0.00 secs
2013-09-22 03:05:32,637 [plugins] [/home/lipengbo/workspace/ccf/plugins/common/utils.py.inner:576] [DEBUG]- timefunc: 'allocate_ip' took 0.76 secs
2013-09-22 03:05:33,398 [plugins] [/home/lipengbo/workspace/ccf/plugins/common/utils.py.inner:576] [DEBUG]- timefunc: 'allocate_ip' took 0.76 secs
2013-09-22 03:05:33,400 [plugins] [/home/lipengbo/workspace/ccf/plugins/common/utils.py.inner:576] [DEBUG]- timefunc: 'release_ip' took 0.00 secs
2013-09-22 03:05:34,165 [plugins] [/home/lipengbo/workspace/ccf/plugins/common/utils.py.inner:576] [DEBUG]- timefunc: 'allocate_ip' took 0.76 secs
2013-09-22 03:05:34,930 [plugins] [/home/lipengbo/workspace/ccf/plugins/common/utils.py.inner:576] [DEBUG]- timefunc: 'allocate_ip' took 0.76 secs
2013-09-22 03:05:34,932 [plugins] [/home/lipengbo/workspace/ccf/plugins/common/utils.py.inner:576] [DEBUG]- timefunc: 'release_ip' took 0.00 secs
2013-09-22 03:05:35,700 [plugins] [/home/lipengbo/workspace/ccf/plugins/common/utils.py.inner:576] [DEBUG]- timefunc: 'allocate_ip' took 0.77 secs
2013-09-22 03:05:36,462 [plugins] [/home/lipengbo/workspace/ccf/plugins/common/utils.py.inner:576] [DEBUG]- timefunc: 'allocate_ip' took 0.76 secs
2013-09-22 03:05:36,463 [plugins] [/home/lipengbo/workspace/ccf/plugins/common/utils.py.inner:576] [DEBUG]- timefunc: 'release_ip' took 0.00 secs
2013-09-22 03:05:37,221 [plugins] [/home/lipengbo/workspace/ccf/plugins/common/utils.py.inner:576] [DEBUG]- timefunc: 'allocate_ip' took 0.76 secs
2013-09-22 03:05:37,985 [plugins] [/home/lipengbo/workspace/ccf/plugins/common/utils.py.inner:576] [DEBUG]- timefunc: 'allocate_ip' took 0.76 secs
2013-09-22 03:05:37,986 [plugins] [/home/lipengbo/workspace/ccf/plugins/common/utils.py.inner:576] [DEBUG]- timefunc: 'release_ip' took 0.00 secs
2013-09-22 03:05:38,758 [plugins] [/home/lipengbo/workspace/ccf/plugins/common/utils.py.inner:576] [DEBUG]- timefunc: 'allocate_ip' took 0.77 secs
2013-09-22 03:05:39,519 [plugins] [/home/lipengbo/workspace/ccf/plugins/common/utils.py.inner:576] [DEBUG]- timefunc: 'allocate_ip' took 0.76 secs
2013-09-22 03:05:39,520 [plugins] [/home/lipengbo/workspace/ccf/plugins/common/utils.py.inner:576] [DEBUG]- timefunc: 'release_ip' took 0.00 secs
2013-09-22 03:05:40,282 [plugins] [/home/lipengbo/workspace/ccf/plugins/common/utils.py.inner:576] [DEBUG]- timefunc: 'allocate_ip' took 0.76 secs
2013-09-22 03:05:41,038 [plugins] [/home/lipengbo/workspace/ccf/plugins/common/utils.py.inner:576] [DEBUG]- timefunc: 'allocate_ip' took 0.76 secs
2013-09-22 03:05:41,039 [plugins] [/home/lipengbo/workspace/ccf/plugins/common/utils.py.inner:576] [DEBUG]- timefunc: 'release_ip' took 0.00 secs
2013-09-22 03:05:41,810 [plugins] [/home/lipengbo/workspace/ccf/plugins/common/utils.py.inner:576] [DEBUG]- timefunc: 'allocate_ip' took 0.77 secs
2013-09-22 03:05:42,571 [plugins] [/home/lipengbo/workspace/ccf/plugins/common/utils.py.inner:576] [DEBUG]- timefunc: 'allocate_ip' took 0.76 secs
2013-09-22 03:05:42,573 [plugins] [/home/lipengbo/workspace/ccf/plugins/common/utils.py.inner:576] [DEBUG]- timefunc: 'release_ip' took 0.00 secs
2013-09-22 03:05:43,342 [plugins] [/home/lipengbo/workspace/ccf/plugins/common/utils.py.inner:576] [DEBUG]- timefunc: 'allocate_ip' took 0.77 secs
2013-09-22 03:05:44,099 [plugins] [/home/lipengbo/workspace/ccf/plugins/common/utils.py.inner:576] [DEBUG]- timefunc: 'allocate_ip' took 0.76 secs
2013-09-22 03:05:44,100 [plugins] [/home/lipengbo/workspace/ccf/plugins/common/utils.py.inner:576] [DEBUG]- timefunc: 'release_ip' took 0.00 secs
2013-09-22 03:05:44,865 [plugins] [/home/lipengbo/workspace/ccf/plugins/common/utils.py.inner:576] [DEBUG]- timefunc: 'allocate_ip' took 0.76 secs
2013-09-22 03:05:45,624 [plugins] [/home/lipengbo/workspace/ccf/plugins/common/utils.py.inner:576] [DEBUG]- timefunc: 'allocate_ip' took 0.76 secs
2013-09-22 03:05:45,626 [plugins] [/home/lipengbo/workspace/ccf/plugins/common/utils.py.inner:576] [DEBUG]- timefunc: 'release_ip' took 0.00 secs
2013-09-22 03:05:46,378 [plugins] [/home/lipengbo/workspace/ccf/plugins/common/utils.py.inner:576] [DEBUG]- timefunc: 'allocate_ip' took 0.75 secs
2013-09-22 03:05:47,134 [plugins] [/home/lipengbo/workspace/ccf/plugins/common/utils.py.inner:576] [DEBUG]- timefunc: 'allocate_ip' took 0.76 secs
2013-09-22 03:05:47,135 [plugins] [/home/lipengbo/workspace/ccf/plugins/common/utils.py.inner:576] [DEBUG]- timefunc: 'release_ip' took 0.00 secs
2013-09-22 03:05:47,898 [plugins] [/home/lipengbo/workspace/ccf/plugins/common/utils.py.inner:576] [DEBUG]- timefunc: 'allocate_ip' took 0.76 secs
2013-09-22 03:05:48,657 [plugins] [/home/lipengbo/workspace/ccf/plugins/common/utils.py.inner:576] [DEBUG]- timefunc: 'allocate_ip' took 0.76 secs
2013-09-22 03:05:48,658 [plugins] [/home/lipengbo/workspace/ccf/plugins/common/utils.py.inner:576] [DEBUG]- timefunc: 'release_ip' took 0.00 secs
2013-09-22 03:05:49,418 [plugins] [/home/lipengbo/workspace/ccf/plugins/common/utils.py.inner:576] [DEBUG]- timefunc: 'allocate_ip' took 0.76 secs
2013-09-22 03:05:50,171 [plugins] [/home/lipengbo/workspace/ccf/plugins/common/utils.py.inner:576] [DEBUG]- timefunc: 'allocate_ip' took 0.75 secs
2013-09-22 03:05:50,172 [plugins] [/home/lipengbo/workspace/ccf/plugins/common/utils.py.inner:576] [DEBUG]- timefunc: 'release_ip' took 0.00 secs
2013-09-22 03:05:50,941 [plugins] [/home/lipengbo/workspace/ccf/plugins/common/utils.py.inner:576] [DEBUG]- timefunc: 'allocate_ip' took 0.77 secs
2013-09-22 03:05:51,712 [plugins] [/home/lipengbo/workspace/ccf/plugins/common/utils.py.inner:576] [DEBUG]- timefunc: 'allocate_ip' took 0.77 secs
2013-09-22 03:05:51,713 [plugins] [/home/lipengbo/workspace/ccf/plugins/common/utils.py.inner:576] [DEBUG]- timefunc: 'release_ip' took 0.00 secs
2013-09-22 03:05:52,469 [plugins] [/home/lipengbo/workspace/ccf/plugins/common/utils.py.inner:576] [DEBUG]- timefunc: 'allocate_ip' took 0.76 secs
2013-09-22 03:05:53,232 [plugins] [/home/lipengbo/workspace/ccf/plugins/common/utils.py.inner:576] [DEBUG]- timefunc: 'allocate_ip' took 0.76 secs
2013-09-22 03:05:53,234 [plugins] [/home/lipengbo/workspace/ccf/plugins/common/utils.py.inner:576] [DEBUG]- timefunc: 'release_ip' took 0.00 secs
2013-09-22 03:05:53,994 [plugins] [/home/lipengbo/workspace/ccf/plugins/common/utils.py.inner:576] [DEBUG]- timefunc: 'allocate_ip' took 0.76 secs
2013-09-22 03:05:54,752 [plugins] [/home/lipengbo/workspace/ccf/plugins/common/utils.py.inner:576] [DEBUG]- timefunc: 'allocate_ip' took 0.76 secs
2013-09-22 03:05:54,754 [plugins] [/home/lipengbo/workspace/ccf/plugins/common/utils.py.inner:576] [DEBUG]- timefunc: 'release_ip' took 0.00 secs
2013-09-22 03:05:55,512 [plugins] [/home/lipengbo/workspace/ccf/plugins/common/utils.py.inner:576] [DEBUG]- timefunc: 'allocate_ip' took 0.76 secs
2013-09-22 03:05:56,273 [plugins] [/home/lipengbo/workspace/ccf/plugins/common/utils.py.inner:576] [DEBUG]- timefunc: 'allocate_ip' took 0.76 secs
2013-09-22 03:05:56,274 [plugins] [/home/lipengbo/workspace/ccf/plugins/common/utils.py.inner:576] [DEBUG]- timefunc: 'release_ip' took 0.00 secs
2013-09-22 03:05:57,043 [plugins] [/home/lipengbo/workspace/ccf/plugins/common/utils.py.inner:576] [DEBUG]- timefunc: 'allocate_ip' took 0.77 secs
2013-09-22 03:05:57,806 [plugins] [/home/lipengbo/workspace/ccf/plugins/common/utils.py.inner:576] [DEBUG]- timefunc: 'allocate_ip' took 0.76 secs
2013-09-22 03:05:57,808 [plugins] [/home/lipengbo/workspace/ccf/plugins/common/utils.py.inner:576] [DEBUG]- timefunc: 'release_ip' took 0.00 secs
2013-09-22 03:05:58,568 [plugins] [/home/lipengbo/workspace/ccf/plugins/common/utils.py.inner:576] [DEBUG]- timefunc: 'allocate_ip' took 0.76 secs
2013-09-22 03:05:59,333 [plugins] [/home/lipengbo/workspace/ccf/plugins/common/utils.py.inner:576] [DEBUG]- timefunc: 'allocate_ip' took 0.76 secs
2013-09-22 03:05:59,334 [plugins] [/home/lipengbo/workspace/ccf/plugins/common/utils.py.inner:576] [DEBUG]- timefunc: 'release_ip' took 0.00 secs
2013-09-22 03:06:00,099 [plugins] [/home/lipengbo/workspace/ccf/plugins/common/utils.py.inner:576] [DEBUG]- timefunc: 'allocate_ip' took 0.76 secs
2013-09-22 03:06:00,860 [plugins] [/home/lipengbo/workspace/ccf/plugins/common/utils.py.inner:576] [DEBUG]- timefunc: 'allocate_ip' took 0.76 secs
2013-09-22 03:06:00,861 [plugins] [/home/lipengbo/workspace/ccf/plugins/common/utils.py.inner:576] [DEBUG]- timefunc: 'release_ip' took 0.00 secs
2013-09-22 03:06:01,617 [plugins] [/home/lipengbo/workspace/ccf/plugins/common/utils.py.inner:576] [DEBUG]- timefunc: 'allocate_ip' took 0.76 secs
2013-09-22 03:06:02,379 [plugins] [/home/lipengbo/workspace/ccf/plugins/common/utils.py.inner:576] [DEBUG]- timefunc: 'allocate_ip' took 0.76 secs
2013-09-22 03:06:02,381 [plugins] [/home/lipengbo/workspace/ccf/plugins/common/utils.py.inner:576] [DEBUG]- timefunc: 'release_ip' took 0.00 secs
2013-09-22 03:06:03,143 [plugins] [/home/lipengbo/workspace/ccf/plugins/common/utils.py.inner:576] [DEBUG]- timefunc: 'allocate_ip' took 0.76 secs
2013-09-22 03:06:03,903 [plugins] [/home/lipengbo/workspace/ccf/plugins/common/utils.py.inner:576] [DEBUG]- timefunc: 'allocate_ip' took 0.76 secs
2013-09-22 03:06:03,905 [plugins] [/home/lipengbo/workspace/ccf/plugins/common/utils.py.inner:576] [DEBUG]- timefunc: 'release_ip' took 0.00 secs
2013-09-22 03:06:04,670 [plugins] [/home/lipengbo/workspace/ccf/plugins/common/utils.py.inner:576] [DEBUG]- timefunc: 'allocate_ip' took 0.76 secs
2013-09-22 03:06:05,429 [plugins] [/home/lipengbo/workspace/ccf/plugins/common/utils.py.inner:576] [DEBUG]- timefunc: 'allocate_ip' took 0.76 secs
2013-09-22 03:06:05,430 [plugins] [/home/lipengbo/workspace/ccf/plugins/common/utils.py.inner:576] [DEBUG]- timefunc: 'release_ip' took 0.00 secs
2013-09-22 03:06:06,199 [plugins] [/home/lipengbo/workspace/ccf/plugins/common/utils.py.inner:576] [DEBUG]- timefunc: 'allocate_ip' took 0.77 secs
2013-09-22 03:06:06,959 [plugins] [/home/lipengbo/workspace/ccf/plugins/common/utils.py.inner:576] [DEBUG]- timefunc: 'allocate_ip' took 0.76 secs
2013-09-22 03:06:06,960 [plugins] [/home/lipengbo/workspace/ccf/plugins/common/utils.py.inner:576] [DEBUG]- timefunc: 'release_ip' took 0.00 secs
2013-09-22 03:06:07,735 [plugins] [/home/lipengbo/workspace/ccf/plugins/common/utils.py.inner:576] [DEBUG]- timefunc: 'allocate_ip' took 0.77 secs
2013-09-22 03:06:08,490 [plugins] [/home/lipengbo/workspace/ccf/plugins/common/utils.py.inner:576] [DEBUG]- timefunc: 'allocate_ip' took 0.76 secs
2013-09-22 03:06:08,491 [plugins] [/home/lipengbo/workspace/ccf/plugins/common/utils.py.inner:576] [DEBUG]- timefunc: 'release_ip' took 0.00 secs
2013-09-22 03:06:09,264 [plugins] [/home/lipengbo/workspace/ccf/plugins/common/utils.py.inner:576] [DEBUG]- timefunc: 'allocate_ip' took 0.77 secs
2013-09-22 03:06:10,022 [plugins] [/home/lipengbo/workspace/ccf/plugins/common/utils.py.inner:576] [DEBUG]- timefunc: 'allocate_ip' took 0.76 secs
2013-09-22 03:06:10,023 [plugins] [/home/lipengbo/workspace/ccf/plugins/common/utils.py.inner:576] [DEBUG]- timefunc: 'release_ip' took 0.00 secs
2013-09-22 03:06:10,792 [plugins] [/home/lipengbo/workspace/ccf/plugins/common/utils.py.inner:576] [DEBUG]- timefunc: 'allocate_ip' took 0.77 secs
2013-09-22 03:06:11,555 [plugins] [/home/lipengbo/workspace/ccf/plugins/common/utils.py.inner:576] [DEBUG]- timefunc: 'allocate_ip' took 0.76 secs
2013-09-22 03:06:11,556 [plugins] [/home/lipengbo/workspace/ccf/plugins/common/utils.py.inner:576] [DEBUG]- timefunc: 'release_ip' took 0.00 secs
2013-09-22 03:06:12,334 [plugins] [/home/lipengbo/workspace/ccf/plugins/common/utils.py.inner:576] [DEBUG]- timefunc: 'allocate_ip' took 0.78 secs
2013-09-22 03:06:13,094 [plugins] [/home/lipengbo/workspace/ccf/plugins/common/utils.py.inner:576] [DEBUG]- timefunc: 'allocate_ip' took 0.76 secs
2013-09-22 03:06:13,095 [plugins] [/home/lipengbo/workspace/ccf/plugins/common/utils.py.inner:576] [DEBUG]- timefunc: 'release_ip' took 0.00 secs
2013-09-22 03:06:13,861 [plugins] [/home/lipengbo/workspace/ccf/plugins/common/utils.py.inner:576] [DEBUG]- timefunc: 'allocate_ip' took 0.77 secs
2013-09-22 03:06:14,618 [plugins] [/home/lipengbo/workspace/ccf/plugins/common/utils.py.inner:576] [DEBUG]- timefunc: 'allocate_ip' took 0.76 secs
2013-09-22 03:06:14,619 [plugins] [/home/lipengbo/workspace/ccf/plugins/common/utils.py.inner:576] [DEBUG]- timefunc: 'release_ip' took 0.00 secs
2013-09-22 03:06:15,403 [plugins] [/home/lipengbo/workspace/ccf/plugins/common/utils.py.inner:576] [DEBUG]- timefunc: 'allocate_ip' took 0.78 secs
2013-09-22 03:06:16,161 [plugins] [/home/lipengbo/workspace/ccf/plugins/common/utils.py.inner:576] [DEBUG]- timefunc: 'allocate_ip' took 0.76 secs
2013-09-22 03:06:16,162 [plugins] [/home/lipengbo/workspace/ccf/plugins/common/utils.py.inner:576] [DEBUG]- timefunc: 'release_ip' took 0.00 secs
2013-09-22 03:06:16,920 [plugins] [/home/lipengbo/workspace/ccf/plugins/common/utils.py.inner:576] [DEBUG]- timefunc: 'allocate_ip' took 0.76 secs
2013-09-22 03:06:17,680 [plugins] [/home/lipengbo/workspace/ccf/plugins/common/utils.py.inner:576] [DEBUG]- timefunc: 'allocate_ip' took 0.76 secs
2013-09-22 03:06:17,682 [plugins] [/home/lipengbo/workspace/ccf/plugins/common/utils.py.inner:576] [DEBUG]- timefunc: 'release_ip' took 0.00 secs
2013-09-22 03:06:18,439 [plugins] [/home/lipengbo/workspace/ccf/plugins/common/utils.py.inner:576] [DEBUG]- timefunc: 'allocate_ip' took 0.76 secs
2013-09-22 03:06:19,210 [plugins] [/home/lipengbo/workspace/ccf/plugins/common/utils.py.inner:576] [DEBUG]- timefunc: 'allocate_ip' took 0.77 secs
2013-09-22 03:06:19,211 [plugins] [/home/lipengbo/workspace/ccf/plugins/common/utils.py.inner:576] [DEBUG]- timefunc: 'release_ip' took 0.00 secs
2013-09-22 03:06:19,985 [plugins] [/home/lipengbo/workspace/ccf/plugins/common/utils.py.inner:576] [DEBUG]- timefunc: 'allocate_ip' took 0.77 secs
2013-09-22 03:06:20,741 [plugins] [/home/lipengbo/workspace/ccf/plugins/common/utils.py.inner:576] [DEBUG]- timefunc: 'allocate_ip' took 0.76 secs
2013-09-22 03:06:20,742 [plugins] [/home/lipengbo/workspace/ccf/plugins/common/utils.py.inner:576] [DEBUG]- timefunc: 'release_ip' took 0.00 secs
2013-09-22 03:06:21,510 [plugins] [/home/lipengbo/workspace/ccf/plugins/common/utils.py.inner:576] [DEBUG]- timefunc: 'allocate_ip' took 0.77 secs
2013-09-22 03:06:22,269 [plugins] [/home/lipengbo/workspace/ccf/plugins/common/utils.py.inner:576] [DEBUG]- timefunc: 'allocate_ip' took 0.76 secs
2013-09-22 03:06:22,270 [plugins] [/home/lipengbo/workspace/ccf/plugins/common/utils.py.inner:576] [DEBUG]- timefunc: 'release_ip' took 0.00 secs
2013-09-22 03:06:23,037 [plugins] [/home/lipengbo/workspace/ccf/plugins/common/utils.py.inner:576] [DEBUG]- timefunc: 'allocate_ip' took 0.77 secs
2013-09-22 03:06:23,795 [plugins] [/home/lipengbo/workspace/ccf/plugins/common/utils.py.inner:576] [DEBUG]- timefunc: 'allocate_ip' took 0.76 secs
2013-09-22 03:06:23,796 [plugins] [/home/lipengbo/workspace/ccf/plugins/common/utils.py.inner:576] [DEBUG]- timefunc: 'release_ip' took 0.00 secs
2013-09-22 03:06:24,563 [plugins] [/home/lipengbo/workspace/ccf/plugins/common/utils.py.inner:576] [DEBUG]- timefunc: 'allocate_ip' took 0.77 secs
2013-09-22 03:06:25,328 [plugins] [/home/lipengbo/workspace/ccf/plugins/common/utils.py.inner:576] [DEBUG]- timefunc: 'allocate_ip' took 0.77 secs
2013-09-22 03:06:25,330 [plugins] [/home/lipengbo/workspace/ccf/plugins/common/utils.py.inner:576] [DEBUG]- timefunc: 'release_ip' took 0.00 secs
2013-09-22 03:06:26,087 [plugins] [/home/lipengbo/workspace/ccf/plugins/common/utils.py.inner:576] [DEBUG]- timefunc: 'allocate_ip' took 0.76 secs
2013-09-22 03:06:26,853 [plugins] [/home/lipengbo/workspace/ccf/plugins/common/utils.py.inner:576] [DEBUG]- timefunc: 'allocate_ip' took 0.77 secs
2013-09-22 03:06:26,854 [plugins] [/home/lipengbo/workspace/ccf/plugins/common/utils.py.inner:576] [DEBUG]- timefunc: 'release_ip' took 0.00 secs
2013-09-22 03:06:27,622 [plugins] [/home/lipengbo/workspace/ccf/plugins/common/utils.py.inner:576] [DEBUG]- timefunc: 'allocate_ip' took 0.77 secs
2013-09-22 03:06:28,373 [plugins] [/home/lipengbo/workspace/ccf/plugins/common/utils.py.inner:576] [DEBUG]- timefunc: 'allocate_ip' took 0.75 secs
2013-09-22 03:06:28,374 [plugins] [/home/lipengbo/workspace/ccf/plugins/common/utils.py.inner:576] [DEBUG]- timefunc: 'release_ip' took 0.00 secs
2013-09-22 03:06:29,130 [plugins] [/home/lipengbo/workspace/ccf/plugins/common/utils.py.inner:576] [DEBUG]- timefunc: 'allocate_ip' took 0.75 secs
2013-09-22 03:06:29,881 [plugins] [/home/lipengbo/workspace/ccf/plugins/common/utils.py.inner:576] [DEBUG]- timefunc: 'allocate_ip' took 0.75 secs
2013-09-22 03:06:29,882 [plugins] [/home/lipengbo/workspace/ccf/plugins/common/utils.py.inner:576] [DEBUG]- timefunc: 'release_ip' took 0.00 secs
2013-09-22 03:06:30,653 [plugins] [/home/lipengbo/workspace/ccf/plugins/common/utils.py.inner:576] [DEBUG]- timefunc: 'allocate_ip' took 0.77 secs
2013-09-22 03:06:31,413 [plugins] [/home/lipengbo/workspace/ccf/plugins/common/utils.py.inner:576] [DEBUG]- timefunc: 'allocate_ip' took 0.76 secs
2013-09-22 03:06:31,415 [plugins] [/home/lipengbo/workspace/ccf/plugins/common/utils.py.inner:576] [DEBUG]- timefunc: 'release_ip' took 0.00 secs
2013-09-22 03:06:32,178 [plugins] [/home/lipengbo/workspace/ccf/plugins/common/utils.py.inner:576] [DEBUG]- timefunc: 'allocate_ip' took 0.76 secs
2013-09-22 03:06:32,939 [plugins] [/home/lipengbo/workspace/ccf/plugins/common/utils.py.inner:576] [DEBUG]- timefunc: 'allocate_ip' took 0.76 secs
2013-09-22 03:06:32,940 [plugins] [/home/lipengbo/workspace/ccf/plugins/common/utils.py.inner:576] [DEBUG]- timefunc: 'release_ip' took 0.00 secs
2013-09-22 03:06:33,707 [plugins] [/home/lipengbo/workspace/ccf/plugins/common/utils.py.inner:576] [DEBUG]- timefunc: 'allocate_ip' took 0.77 secs
2013-09-22 03:06:34,472 [plugins] [/home/lipengbo/workspace/ccf/plugins/common/utils.py.inner:576] [DEBUG]- timefunc: 'allocate_ip' took 0.76 secs
2013-09-22 03:06:34,473 [plugins] [/home/lipengbo/workspace/ccf/plugins/common/utils.py.inner:576] [DEBUG]- timefunc: 'release_ip' took 0.00 secs
2013-09-22 03:06:35,237 [plugins] [/home/lipengbo/workspace/ccf/plugins/common/utils.py.inner:576] [DEBUG]- timefunc: 'allocate_ip' took 0.76 secs
2013-09-22 03:06:35,987 [plugins] [/home/lipengbo/workspace/ccf/plugins/common/utils.py.inner:576] [DEBUG]- timefunc: 'allocate_ip' took 0.75 secs
2013-09-22 03:06:35,988 [plugins] [/home/lipengbo/workspace/ccf/plugins/common/utils.py.inner:576] [DEBUG]- timefunc: 'release_ip' took 0.00 secs
2013-09-22 03:06:36,760 [plugins] [/home/lipengbo/workspace/ccf/plugins/common/utils.py.inner:576] [DEBUG]- timefunc: 'allocate_ip' took 0.77 secs
2013-09-22 03:06:37,517 [plugins] [/home/lipengbo/workspace/ccf/plugins/common/utils.py.inner:576] [DEBUG]- timefunc: 'allocate_ip' took 0.76 secs
2013-09-22 03:06:37,518 [plugins] [/home/lipengbo/workspace/ccf/plugins/common/utils.py.inner:576] [DEBUG]- timefunc: 'release_ip' took 0.00 secs
2013-09-22 03:06:38,286 [plugins] [/home/lipengbo/workspace/ccf/plugins/common/utils.py.inner:576] [DEBUG]- timefunc: 'allocate_ip' took 0.77 secs
2013-09-22 03:06:39,047 [plugins] [/home/lipengbo/workspace/ccf/plugins/common/utils.py.inner:576] [DEBUG]- timefunc: 'allocate_ip' took 0.76 secs
2013-09-22 03:06:39,048 [plugins] [/home/lipengbo/workspace/ccf/plugins/common/utils.py.inner:576] [DEBUG]- timefunc: 'release_ip' took 0.00 secs
2013-09-22 03:06:39,815 [plugins] [/home/lipengbo/workspace/ccf/plugins/common/utils.py.inner:576] [DEBUG]- timefunc: 'allocate_ip' took 0.77 secs
2013-09-22 03:06:40,572 [plugins] [/home/lipengbo/workspace/ccf/plugins/common/utils.py.inner:576] [DEBUG]- timefunc: 'allocate_ip' took 0.76 secs
2013-09-22 03:06:40,574 [plugins] [/home/lipengbo/workspace/ccf/plugins/common/utils.py.inner:576] [DEBUG]- timefunc: 'release_ip' took 0.00 secs
2013-09-22 03:06:41,342 [plugins] [/home/lipengbo/workspace/ccf/plugins/common/utils.py.inner:576] [DEBUG]- timefunc: 'allocate_ip' took 0.77 secs
2013-09-22 03:06:42,106 [plugins] [/home/lipengbo/workspace/ccf/plugins/common/utils.py.inner:576] [DEBUG]- timefunc: 'allocate_ip' took 0.76 secs
2013-09-22 03:06:42,107 [plugins] [/home/lipengbo/workspace/ccf/plugins/common/utils.py.inner:576] [DEBUG]- timefunc: 'release_ip' took 0.00 secs
2013-09-22 03:06:42,877 [plugins] [/home/lipengbo/workspace/ccf/plugins/common/utils.py.inner:576] [DEBUG]- timefunc: 'allocate_ip' took 0.77 secs
2013-09-22 03:06:43,634 [plugins] [/home/lipengbo/workspace/ccf/plugins/common/utils.py.inner:576] [DEBUG]- timefunc: 'allocate_ip' took 0.76 secs
2013-09-22 03:06:43,635 [plugins] [/home/lipengbo/workspace/ccf/plugins/common/utils.py.inner:576] [DEBUG]- timefunc: 'release_ip' took 0.00 secs
2013-09-22 03:06:44,408 [plugins] [/home/lipengbo/workspace/ccf/plugins/common/utils.py.inner:576] [DEBUG]- timefunc: 'allocate_ip' took 0.77 secs
2013-09-22 03:06:45,168 [plugins] [/home/lipengbo/workspace/ccf/plugins/common/utils.py.inner:576] [DEBUG]- timefunc: 'allocate_ip' took 0.76 secs
2013-09-22 03:06:45,170 [plugins] [/home/lipengbo/workspace/ccf/plugins/common/utils.py.inner:576] [DEBUG]- timefunc: 'release_ip' took 0.00 secs
2013-09-22 03:06:45,935 [plugins] [/home/lipengbo/workspace/ccf/plugins/common/utils.py.inner:576] [DEBUG]- timefunc: 'allocate_ip' took 0.77 secs
2013-09-22 03:06:46,696 [plugins] [/home/lipengbo/workspace/ccf/plugins/common/utils.py.inner:576] [DEBUG]- timefunc: 'allocate_ip' took 0.76 secs
2013-09-22 03:06:46,698 [plugins] [/home/lipengbo/workspace/ccf/plugins/common/utils.py.inner:576] [DEBUG]- timefunc: 'release_ip' took 0.00 secs
2013-09-22 03:06:47,450 [plugins] [/home/lipengbo/workspace/ccf/plugins/common/utils.py.inner:576] [DEBUG]- timefunc: 'allocate_ip' took 0.75 secs
2013-09-22 03:06:48,211 [plugins] [/home/lipengbo/workspace/ccf/plugins/common/utils.py.inner:576] [DEBUG]- timefunc: 'allocate_ip' took 0.76 secs
2013-09-22 03:06:48,212 [plugins] [/home/lipengbo/workspace/ccf/plugins/common/utils.py.inner:576] [DEBUG]- timefunc: 'release_ip' took 0.00 secs
2013-09-22 03:06:48,972 [plugins] [/home/lipengbo/workspace/ccf/plugins/common/utils.py.inner:576] [DEBUG]- timefunc: 'allocate_ip' took 0.76 secs
2013-09-22 03:06:49,736 [plugins] [/home/lipengbo/workspace/ccf/plugins/common/utils.py.inner:576] [DEBUG]- timefunc: 'allocate_ip' took 0.76 secs
2013-09-22 03:06:49,737 [plugins] [/home/lipengbo/workspace/ccf/plugins/common/utils.py.inner:576] [DEBUG]- timefunc: 'release_ip' took 0.00 secs
2013-09-22 03:06:50,501 [plugins] [/home/lipengbo/workspace/ccf/plugins/common/utils.py.inner:576] [DEBUG]- timefunc: 'allocate_ip' took 0.76 secs
2013-09-22 03:06:51,267 [plugins] [/home/lipengbo/workspace/ccf/plugins/common/utils.py.inner:576] [DEBUG]- timefunc: 'allocate_ip' took 0.77 secs
2013-09-22 03:06:51,268 [plugins] [/home/lipengbo/workspace/ccf/plugins/common/utils.py.inner:576] [DEBUG]- timefunc: 'release_ip' took 0.00 secs
2013-09-22 03:06:52,030 [plugins] [/home/lipengbo/workspace/ccf/plugins/common/utils.py.inner:576] [DEBUG]- timefunc: 'allocate_ip' took 0.76 secs
2013-09-22 03:06:52,789 [plugins] [/home/lipengbo/workspace/ccf/plugins/common/utils.py.inner:576] [DEBUG]- timefunc: 'allocate_ip' took 0.76 secs
2013-09-22 03:06:52,791 [plugins] [/home/lipengbo/workspace/ccf/plugins/common/utils.py.inner:576] [DEBUG]- timefunc: 'release_ip' took 0.00 secs
2013-09-22 03:06:53,552 [plugins] [/home/lipengbo/workspace/ccf/plugins/common/utils.py.inner:576] [DEBUG]- timefunc: 'allocate_ip' took 0.76 secs
2013-09-22 03:06:54,316 [plugins] [/home/lipengbo/workspace/ccf/plugins/common/utils.py.inner:576] [DEBUG]- timefunc: 'allocate_ip' took 0.76 secs
2013-09-22 03:06:54,317 [plugins] [/home/lipengbo/workspace/ccf/plugins/common/utils.py.inner:576] [DEBUG]- timefunc: 'release_ip' took 0.00 secs
2013-09-22 03:06:55,092 [plugins] [/home/lipengbo/workspace/ccf/plugins/common/utils.py.inner:576] [DEBUG]- timefunc: 'allocate_ip' took 0.77 secs
2013-09-22 03:06:55,854 [plugins] [/home/lipengbo/workspace/ccf/plugins/common/utils.py.inner:576] [DEBUG]- timefunc: 'allocate_ip' took 0.76 secs
2013-09-22 03:06:55,855 [plugins] [/home/lipengbo/workspace/ccf/plugins/common/utils.py.inner:576] [DEBUG]- timefunc: 'release_ip' took 0.00 secs
2013-09-22 03:06:56,623 [plugins] [/home/lipengbo/workspace/ccf/plugins/common/utils.py.inner:576] [DEBUG]- timefunc: 'allocate_ip' took 0.77 secs
2013-09-22 03:06:57,390 [plugins] [/home/lipengbo/workspace/ccf/plugins/common/utils.py.inner:576] [DEBUG]- timefunc: 'allocate_ip' took 0.77 secs
2013-09-22 03:06:57,392 [plugins] [/home/lipengbo/workspace/ccf/plugins/common/utils.py.inner:576] [DEBUG]- timefunc: 'release_ip' took 0.00 secs
2013-09-22 03:06:58,158 [plugins] [/home/lipengbo/workspace/ccf/plugins/common/utils.py.inner:576] [DEBUG]- timefunc: 'allocate_ip' took 0.77 secs
2013-09-22 03:06:58,910 [plugins] [/home/lipengbo/workspace/ccf/plugins/common/utils.py.inner:576] [DEBUG]- timefunc: 'allocate_ip' took 0.75 secs
2013-09-22 03:06:58,911 [plugins] [/home/lipengbo/workspace/ccf/plugins/common/utils.py.inner:576] [DEBUG]- timefunc: 'release_ip' took 0.00 secs
2013-09-22 03:06:59,676 [plugins] [/home/lipengbo/workspace/ccf/plugins/common/utils.py.inner:576] [DEBUG]- timefunc: 'allocate_ip' took 0.76 secs
2013-09-22 03:07:00,433 [plugins] [/home/lipengbo/workspace/ccf/plugins/common/utils.py.inner:576] [DEBUG]- timefunc: 'allocate_ip' took 0.76 secs
2013-09-22 03:07:00,434 [plugins] [/home/lipengbo/workspace/ccf/plugins/common/utils.py.inner:576] [DEBUG]- timefunc: 'release_ip' took 0.00 secs
2013-09-22 03:07:01,203 [plugins] [/home/lipengbo/workspace/ccf/plugins/common/utils.py.inner:576] [DEBUG]- timefunc: 'allocate_ip' took 0.77 secs
2013-09-22 03:07:01,959 [plugins] [/home/lipengbo/workspace/ccf/plugins/common/utils.py.inner:576] [DEBUG]- timefunc: 'allocate_ip' took 0.76 secs
2013-09-22 03:07:01,960 [plugins] [/home/lipengbo/workspace/ccf/plugins/common/utils.py.inner:576] [DEBUG]- timefunc: 'release_ip' took 0.00 secs
2013-09-22 03:07:02,726 [plugins] [/home/lipengbo/workspace/ccf/plugins/common/utils.py.inner:576] [DEBUG]- timefunc: 'allocate_ip' took 0.77 secs
2013-09-22 03:07:03,487 [plugins] [/home/lipengbo/workspace/ccf/plugins/common/utils.py.inner:576] [DEBUG]- timefunc: 'allocate_ip' took 0.76 secs
2013-09-22 03:07:03,488 [plugins] [/home/lipengbo/workspace/ccf/plugins/common/utils.py.inner:576] [DEBUG]- timefunc: 'release_ip' took 0.00 secs
2013-09-22 03:07:04,268 [plugins] [/home/lipengbo/workspace/ccf/plugins/common/utils.py.inner:576] [DEBUG]- timefunc: 'allocate_ip' took 0.78 secs
2013-09-22 03:07:05,027 [plugins] [/home/lipengbo/workspace/ccf/plugins/common/utils.py.inner:576] [DEBUG]- timefunc: 'allocate_ip' took 0.76 secs
2013-09-22 03:07:05,029 [plugins] [/home/lipengbo/workspace/ccf/plugins/common/utils.py.inner:576] [DEBUG]- timefunc: 'release_ip' took 0.00 secs
2013-09-22 03:07:05,800 [plugins] [/home/lipengbo/workspace/ccf/plugins/common/utils.py.inner:576] [DEBUG]- timefunc: 'allocate_ip' took 0.77 secs
2013-09-22 03:07:06,560 [plugins] [/home/lipengbo/workspace/ccf/plugins/common/utils.py.inner:576] [DEBUG]- timefunc: 'allocate_ip' took 0.76 secs
2013-09-22 03:07:06,561 [plugins] [/home/lipengbo/workspace/ccf/plugins/common/utils.py.inner:576] [DEBUG]- timefunc: 'release_ip' took 0.00 secs
2013-09-22 03:07:07,334 [plugins] [/home/lipengbo/workspace/ccf/plugins/common/utils.py.inner:576] [DEBUG]- timefunc: 'allocate_ip' took 0.77 secs
2013-09-22 03:07:08,090 [plugins] [/home/lipengbo/workspace/ccf/plugins/common/utils.py.inner:576] [DEBUG]- timefunc: 'allocate_ip' took 0.76 secs
2013-09-22 03:07:08,092 [plugins] [/home/lipengbo/workspace/ccf/plugins/common/utils.py.inner:576] [DEBUG]- timefunc: 'release_ip' took 0.00 secs
2013-09-22 03:07:08,863 [plugins] [/home/lipengbo/workspace/ccf/plugins/common/utils.py.inner:576] [DEBUG]- timefunc: 'allocate_ip' took 0.77 secs
2013-09-22 03:07:09,617 [plugins] [/home/lipengbo/workspace/ccf/plugins/common/utils.py.inner:576] [DEBUG]- timefunc: 'allocate_ip' took 0.75 secs
2013-09-22 03:07:09,618 [plugins] [/home/lipengbo/workspace/ccf/plugins/common/utils.py.inner:576] [DEBUG]- timefunc: 'release_ip' took 0.00 secs
2013-09-22 03:07:10,384 [plugins] [/home/lipengbo/workspace/ccf/plugins/common/utils.py.inner:576] [DEBUG]- timefunc: 'allocate_ip' took 0.77 secs
2013-09-22 03:07:11,146 [plugins] [/home/lipengbo/workspace/ccf/plugins/common/utils.py.inner:576] [DEBUG]- timefunc: 'allocate_ip' took 0.76 secs
2013-09-22 03:07:11,148 [plugins] [/home/lipengbo/workspace/ccf/plugins/common/utils.py.inner:576] [DEBUG]- timefunc: 'release_ip' took 0.00 secs
2013-09-22 03:07:11,918 [plugins] [/home/lipengbo/workspace/ccf/plugins/common/utils.py.inner:576] [DEBUG]- timefunc: 'allocate_ip' took 0.77 secs
2013-09-22 03:07:12,677 [plugins] [/home/lipengbo/workspace/ccf/plugins/common/utils.py.inner:576] [DEBUG]- timefunc: 'allocate_ip' took 0.76 secs
2013-09-22 03:07:12,678 [plugins] [/home/lipengbo/workspace/ccf/plugins/common/utils.py.inner:576] [DEBUG]- timefunc: 'release_ip' took 0.00 secs
2013-09-22 03:07:13,444 [plugins] [/home/lipengbo/workspace/ccf/plugins/common/utils.py.inner:576] [DEBUG]- timefunc: 'allocate_ip' took 0.77 secs
2013-09-22 03:07:14,210 [plugins] [/home/lipengbo/workspace/ccf/plugins/common/utils.py.inner:576] [DEBUG]- timefunc: 'allocate_ip' took 0.76 secs
2013-09-22 03:07:14,211 [plugins] [/home/lipengbo/workspace/ccf/plugins/common/utils.py.inner:576] [DEBUG]- timefunc: 'release_ip' took 0.00 secs
2013-09-22 03:07:14,981 [plugins] [/home/lipengbo/workspace/ccf/plugins/common/utils.py.inner:576] [DEBUG]- timefunc: 'allocate_ip' took 0.77 secs
2013-09-22 03:07:15,737 [plugins] [/home/lipengbo/workspace/ccf/plugins/common/utils.py.inner:576] [DEBUG]- timefunc: 'allocate_ip' took 0.75 secs
2013-09-22 03:07:15,738 [plugins] [/home/lipengbo/workspace/ccf/plugins/common/utils.py.inner:576] [DEBUG]- timefunc: 'release_ip' took 0.00 secs
2013-09-22 03:07:16,513 [plugins] [/home/lipengbo/workspace/ccf/plugins/common/utils.py.inner:576] [DEBUG]- timefunc: 'allocate_ip' took 0.77 secs
2013-09-22 03:07:17,280 [plugins] [/home/lipengbo/workspace/ccf/plugins/common/utils.py.inner:576] [DEBUG]- timefunc: 'allocate_ip' took 0.77 secs
2013-09-22 03:07:17,281 [plugins] [/home/lipengbo/workspace/ccf/plugins/common/utils.py.inner:576] [DEBUG]- timefunc: 'release_ip' took 0.00 secs
2013-09-22 03:07:18,044 [plugins] [/home/lipengbo/workspace/ccf/plugins/common/utils.py.inner:576] [DEBUG]- timefunc: 'allocate_ip' took 0.76 secs
2013-09-22 03:07:18,813 [plugins] [/home/lipengbo/workspace/ccf/plugins/common/utils.py.inner:576] [DEBUG]- timefunc: 'allocate_ip' took 0.77 secs
2013-09-22 03:07:18,814 [plugins] [/home/lipengbo/workspace/ccf/plugins/common/utils.py.inner:576] [DEBUG]- timefunc: 'release_ip' took 0.00 secs
2013-09-22 03:07:19,578 [plugins] [/home/lipengbo/workspace/ccf/plugins/common/utils.py.inner:576] [DEBUG]- timefunc: 'allocate_ip' took 0.76 secs
2013-09-22 03:07:20,342 [plugins] [/home/lipengbo/workspace/ccf/plugins/common/utils.py.inner:576] [DEBUG]- timefunc: 'allocate_ip' took 0.76 secs
2013-09-22 03:07:20,344 [plugins] [/home/lipengbo/workspace/ccf/plugins/common/utils.py.inner:576] [DEBUG]- timefunc: 'release_ip' took 0.00 secs
2013-09-22 03:07:21,110 [plugins] [/home/lipengbo/workspace/ccf/plugins/common/utils.py.inner:576] [DEBUG]- timefunc: 'allocate_ip' took 0.77 secs
2013-09-22 03:07:21,864 [plugins] [/home/lipengbo/workspace/ccf/plugins/common/utils.py.inner:576] [DEBUG]- timefunc: 'allocate_ip' took 0.75 secs
2013-09-22 03:07:21,866 [plugins] [/home/lipengbo/workspace/ccf/plugins/common/utils.py.inner:576] [DEBUG]- timefunc: 'release_ip' took 0.00 secs
2013-09-22 03:07:22,634 [plugins] [/home/lipengbo/workspace/ccf/plugins/common/utils.py.inner:576] [DEBUG]- timefunc: 'allocate_ip' took 0.77 secs
2013-09-22 03:07:23,396 [plugins] [/home/lipengbo/workspace/ccf/plugins/common/utils.py.inner:576] [DEBUG]- timefunc: 'allocate_ip' took 0.76 secs
2013-09-22 03:07:23,398 [plugins] [/home/lipengbo/workspace/ccf/plugins/common/utils.py.inner:576] [DEBUG]- timefunc: 'release_ip' took 0.00 secs
2013-09-22 03:07:24,160 [plugins] [/home/lipengbo/workspace/ccf/plugins/common/utils.py.inner:576] [DEBUG]- timefunc: 'allocate_ip' took 0.76 secs
2013-09-22 03:07:24,923 [plugins] [/home/lipengbo/workspace/ccf/plugins/common/utils.py.inner:576] [DEBUG]- timefunc: 'allocate_ip' took 0.76 secs
2013-09-22 03:07:24,925 [plugins] [/home/lipengbo/workspace/ccf/plugins/common/utils.py.inner:576] [DEBUG]- timefunc: 'release_ip' took 0.00 secs
2013-09-22 03:07:25,693 [plugins] [/home/lipengbo/workspace/ccf/plugins/common/utils.py.inner:576] [DEBUG]- timefunc: 'allocate_ip' took 0.77 secs
2013-09-22 03:07:26,449 [plugins] [/home/lipengbo/workspace/ccf/plugins/common/utils.py.inner:576] [DEBUG]- timefunc: 'allocate_ip' took 0.76 secs
2013-09-22 03:07:26,450 [plugins] [/home/lipengbo/workspace/ccf/plugins/common/utils.py.inner:576] [DEBUG]- timefunc: 'release_ip' took 0.00 secs
2013-09-22 03:07:27,206 [plugins] [/home/lipengbo/workspace/ccf/plugins/common/utils.py.inner:576] [DEBUG]- timefunc: 'allocate_ip' took 0.76 secs
2013-09-22 03:07:27,967 [plugins] [/home/lipengbo/workspace/ccf/plugins/common/utils.py.inner:576] [DEBUG]- timefunc: 'allocate_ip' took 0.76 secs
2013-09-22 03:07:27,969 [plugins] [/home/lipengbo/workspace/ccf/plugins/common/utils.py.inner:576] [DEBUG]- timefunc: 'release_ip' took 0.00 secs
2013-09-22 03:07:28,746 [plugins] [/home/lipengbo/workspace/ccf/plugins/common/utils.py.inner:576] [DEBUG]- timefunc: 'allocate_ip' took 0.78 secs
2013-09-22 03:07:29,504 [plugins] [/home/lipengbo/workspace/ccf/plugins/common/utils.py.inner:576] [DEBUG]- timefunc: 'allocate_ip' took 0.76 secs
2013-09-22 03:07:29,506 [plugins] [/home/lipengbo/workspace/ccf/plugins/common/utils.py.inner:576] [DEBUG]- timefunc: 'release_ip' took 0.00 secs
2013-09-22 03:07:30,270 [plugins] [/home/lipengbo/workspace/ccf/plugins/common/utils.py.inner:576] [DEBUG]- timefunc: 'allocate_ip' took 0.76 secs
2013-09-22 03:07:31,026 [plugins] [/home/lipengbo/workspace/ccf/plugins/common/utils.py.inner:576] [DEBUG]- timefunc: 'allocate_ip' took 0.76 secs
2013-09-22 03:07:31,027 [plugins] [/home/lipengbo/workspace/ccf/plugins/common/utils.py.inner:576] [DEBUG]- timefunc: 'release_ip' took 0.00 secs
2013-09-22 03:07:31,795 [plugins] [/home/lipengbo/workspace/ccf/plugins/common/utils.py.inner:576] [DEBUG]- timefunc: 'allocate_ip' took 0.77 secs
2013-09-22 03:07:32,564 [plugins] [/home/lipengbo/workspace/ccf/plugins/common/utils.py.inner:576] [DEBUG]- timefunc: 'allocate_ip' took 0.77 secs
2013-09-22 03:07:32,565 [plugins] [/home/lipengbo/workspace/ccf/plugins/common/utils.py.inner:576] [DEBUG]- timefunc: 'release_ip' took 0.00 secs
2013-09-22 03:07:33,334 [plugins] [/home/lipengbo/workspace/ccf/plugins/common/utils.py.inner:576] [DEBUG]- timefunc: 'allocate_ip' took 0.77 secs
2013-09-22 03:07:34,092 [plugins] [/home/lipengbo/workspace/ccf/plugins/common/utils.py.inner:576] [DEBUG]- timefunc: 'allocate_ip' took 0.76 secs
2013-09-22 03:07:34,094 [plugins] [/home/lipengbo/workspace/ccf/plugins/common/utils.py.inner:576] [DEBUG]- timefunc: 'release_ip' took 0.00 secs
2013-09-22 03:07:34,859 [plugins] [/home/lipengbo/workspace/ccf/plugins/common/utils.py.inner:576] [DEBUG]- timefunc: 'allocate_ip' took 0.76 secs
2013-09-22 03:07:35,620 [plugins] [/home/lipengbo/workspace/ccf/plugins/common/utils.py.inner:576] [DEBUG]- timefunc: 'allocate_ip' took 0.76 secs
2013-09-22 03:07:35,622 [plugins] [/home/lipengbo/workspace/ccf/plugins/common/utils.py.inner:576] [DEBUG]- timefunc: 'release_ip' took 0.00 secs
2013-09-22 03:07:35,899 [plugins] [/home/lipengbo/workspace/ccf/plugins/common/utils.py.inner:576] [DEBUG]- timefunc: 'allocate_ip' took 0.28 secs
2013-09-23 01:42:17,278 [plugins] [/home/lipengbo/workspace2/ccf/plugins/common/utils.py.inner:542] [DEBUG]- timefunc: 'allocate_ip' took 0.37 secs
2013-09-23 01:42:17,645 [plugins] [/home/lipengbo/workspace2/ccf/plugins/common/utils.py.inner:542] [DEBUG]- timefunc: 'allocate_ip' took 0.37 secs
2013-09-23 01:42:17,646 [plugins] [/home/lipengbo/workspace2/ccf/plugins/common/utils.py.inner:542] [DEBUG]- timefunc: 'release_ip' took 0.00 secs
2013-09-23 01:42:18,008 [plugins] [/home/lipengbo/workspace2/ccf/plugins/common/utils.py.inner:542] [DEBUG]- timefunc: 'allocate_ip' took 0.36 secs
2013-09-23 01:42:18,371 [plugins] [/home/lipengbo/workspace2/ccf/plugins/common/utils.py.inner:542] [DEBUG]- timefunc: 'allocate_ip' took 0.36 secs
2013-09-23 01:42:18,371 [plugins] [/home/lipengbo/workspace2/ccf/plugins/common/utils.py.inner:542] [DEBUG]- timefunc: 'release_ip' took 0.00 secs
2013-09-23 01:42:18,736 [plugins] [/home/lipengbo/workspace2/ccf/plugins/common/utils.py.inner:542] [DEBUG]- timefunc: 'allocate_ip' took 0.36 secs
2013-09-23 01:42:19,103 [plugins] [/home/lipengbo/workspace2/ccf/plugins/common/utils.py.inner:542] [DEBUG]- timefunc: 'allocate_ip' took 0.37 secs
2013-09-23 01:42:19,103 [plugins] [/home/lipengbo/workspace2/ccf/plugins/common/utils.py.inner:542] [DEBUG]- timefunc: 'release_ip' took 0.00 secs
2013-09-23 01:42:19,467 [plugins] [/home/lipengbo/workspace2/ccf/plugins/common/utils.py.inner:542] [DEBUG]- timefunc: 'allocate_ip' took 0.36 secs
2013-09-23 01:42:19,831 [plugins] [/home/lipengbo/workspace2/ccf/plugins/common/utils.py.inner:542] [DEBUG]- timefunc: 'allocate_ip' took 0.36 secs
2013-09-23 01:42:19,832 [plugins] [/home/lipengbo/workspace2/ccf/plugins/common/utils.py.inner:542] [DEBUG]- timefunc: 'release_ip' took 0.00 secs
2013-09-23 01:42:20,197 [plugins] [/home/lipengbo/workspace2/ccf/plugins/common/utils.py.inner:542] [DEBUG]- timefunc: 'allocate_ip' took 0.36 secs
2013-09-23 01:42:20,561 [plugins] [/home/lipengbo/workspace2/ccf/plugins/common/utils.py.inner:542] [DEBUG]- timefunc: 'allocate_ip' took 0.36 secs
2013-09-23 01:42:20,562 [plugins] [/home/lipengbo/workspace2/ccf/plugins/common/utils.py.inner:542] [DEBUG]- timefunc: 'release_ip' took 0.00 secs
2013-09-23 01:42:20,928 [plugins] [/home/lipengbo/workspace2/ccf/plugins/common/utils.py.inner:542] [DEBUG]- timefunc: 'allocate_ip' took 0.37 secs
2013-09-23 01:42:21,291 [plugins] [/home/lipengbo/workspace2/ccf/plugins/common/utils.py.inner:542] [DEBUG]- timefunc: 'allocate_ip' took 0.36 secs
2013-09-23 01:42:21,293 [plugins] [/home/lipengbo/workspace2/ccf/plugins/common/utils.py.inner:542] [DEBUG]- timefunc: 'release_ip' took 0.00 secs
2013-09-23 01:42:21,657 [plugins] [/home/lipengbo/workspace2/ccf/plugins/common/utils.py.inner:542] [DEBUG]- timefunc: 'allocate_ip' took 0.36 secs
2013-09-23 01:42:22,020 [plugins] [/home/lipengbo/workspace2/ccf/plugins/common/utils.py.inner:542] [DEBUG]- timefunc: 'allocate_ip' took 0.36 secs
2013-09-23 01:42:22,021 [plugins] [/home/lipengbo/workspace2/ccf/plugins/common/utils.py.inner:542] [DEBUG]- timefunc: 'release_ip' took 0.00 secs
2013-09-23 01:42:22,386 [plugins] [/home/lipengbo/workspace2/ccf/plugins/common/utils.py.inner:542] [DEBUG]- timefunc: 'allocate_ip' took 0.36 secs
2013-09-23 01:42:22,751 [plugins] [/home/lipengbo/workspace2/ccf/plugins/common/utils.py.inner:542] [DEBUG]- timefunc: 'allocate_ip' took 0.36 secs
2013-09-23 01:42:22,751 [plugins] [/home/lipengbo/workspace2/ccf/plugins/common/utils.py.inner:542] [DEBUG]- timefunc: 'release_ip' took 0.00 secs
2013-09-23 01:42:23,118 [plugins] [/home/lipengbo/workspace2/ccf/plugins/common/utils.py.inner:542] [DEBUG]- timefunc: 'allocate_ip' took 0.37 secs
2013-09-23 01:42:23,485 [plugins] [/home/lipengbo/workspace2/ccf/plugins/common/utils.py.inner:542] [DEBUG]- timefunc: 'allocate_ip' took 0.37 secs
2013-09-23 01:42:23,486 [plugins] [/home/lipengbo/workspace2/ccf/plugins/common/utils.py.inner:542] [DEBUG]- timefunc: 'release_ip' took 0.00 secs
2013-09-23 01:42:23,851 [plugins] [/home/lipengbo/workspace2/ccf/plugins/common/utils.py.inner:542] [DEBUG]- timefunc: 'allocate_ip' took 0.37 secs
2013-09-23 01:42:24,216 [plugins] [/home/lipengbo/workspace2/ccf/plugins/common/utils.py.inner:542] [DEBUG]- timefunc: 'allocate_ip' took 0.36 secs
2013-09-23 01:42:24,216 [plugins] [/home/lipengbo/workspace2/ccf/plugins/common/utils.py.inner:542] [DEBUG]- timefunc: 'release_ip' took 0.00 secs
2013-09-23 01:42:24,585 [plugins] [/home/lipengbo/workspace2/ccf/plugins/common/utils.py.inner:542] [DEBUG]- timefunc: 'allocate_ip' took 0.37 secs
2013-09-23 01:42:24,952 [plugins] [/home/lipengbo/workspace2/ccf/plugins/common/utils.py.inner:542] [DEBUG]- timefunc: 'allocate_ip' took 0.37 secs
2013-09-23 01:42:24,953 [plugins] [/home/lipengbo/workspace2/ccf/plugins/common/utils.py.inner:542] [DEBUG]- timefunc: 'release_ip' took 0.00 secs
2013-09-23 01:42:25,318 [plugins] [/home/lipengbo/workspace2/ccf/plugins/common/utils.py.inner:542] [DEBUG]- timefunc: 'allocate_ip' took 0.37 secs
2013-09-23 01:42:25,684 [plugins] [/home/lipengbo/workspace2/ccf/plugins/common/utils.py.inner:542] [DEBUG]- timefunc: 'allocate_ip' took 0.37 secs
2013-09-23 01:42:25,684 [plugins] [/home/lipengbo/workspace2/ccf/plugins/common/utils.py.inner:542] [DEBUG]- timefunc: 'release_ip' took 0.00 secs
2013-09-23 01:42:26,050 [plugins] [/home/lipengbo/workspace2/ccf/plugins/common/utils.py.inner:542] [DEBUG]- timefunc: 'allocate_ip' took 0.37 secs
2013-09-23 01:42:26,416 [plugins] [/home/lipengbo/workspace2/ccf/plugins/common/utils.py.inner:542] [DEBUG]- timefunc: 'allocate_ip' took 0.37 secs
2013-09-23 01:42:26,416 [plugins] [/home/lipengbo/workspace2/ccf/plugins/common/utils.py.inner:542] [DEBUG]- timefunc: 'release_ip' took 0.00 secs
2013-09-23 01:42:26,783 [plugins] [/home/lipengbo/workspace2/ccf/plugins/common/utils.py.inner:542] [DEBUG]- timefunc: 'allocate_ip' took 0.37 secs
2013-09-23 01:42:26,783 [plugins] [/home/lipengbo/workspace2/ccf/plugins/common/utils.py.inner:542] [DEBUG]- timefunc: 'allocate_ip' took 0.00 secs
2013-09-23 05:41:31,972 [plugins] [/home/lipengbo/workspace2/ccf/plugins/common/utils.py.execute:107] [DEBUG]- Running cmd (subprocess): glance -U http://192.168.5.107:9292/v1 index
2013-09-23 05:45:45,345 [plugins] [/home/lipengbo/workspace2/ccf/plugins/common/utils.py.execute:107] [DEBUG]- Running cmd (subprocess): ls -al
2013-09-23 05:46:41,512 [plugins] [/home/lipengbo/workspace2/ccf/plugins/common/utils.py.execute:107] [DEBUG]- Running cmd (subprocess): ls -al
2013-09-23 05:46:44,088 [plugins] [/home/lipengbo/workspace2/ccf/plugins/common/utils.py.execute:107] [DEBUG]- Running cmd (subprocess): ls -al
2013-09-23 05:47:04,256 [plugins] [/home/lipengbo/workspace2/ccf/plugins/common/utils.py.execute:107] [DEBUG]- Running cmd (subprocess): ['ls', '-', 'al']
2013-09-23 05:47:18,048 [plugins] [/home/lipengbo/workspace2/ccf/plugins/common/utils.py.execute:107] [DEBUG]- Running cmd (subprocess): ls -al
2013-09-23 05:49:58,831 [plugins] [/home/lipengbo/workspace2/ccf/plugins/common/utils.py.execute:107] [DEBUG]- Running cmd (subprocess): ls -al
2013-09-23 05:51:00,047 [plugins] [/home/lipengbo/workspace2/ccf/plugins/common/utils.py.execute:107] [DEBUG]- Running cmd (subprocess): ls -al
2013-09-23 05:52:40,302 [plugins] [/home/lipengbo/workspace2/ccf/plugins/common/utils.py.execute:110] [DEBUG]- Running cmd (subprocess): ls -al
2013-09-23 06:13:08,517 [plugins] [/home/lipengbo/workspace2/ccf/plugins/common/utils.py.execute:169] [DEBUG]- Running cmd (subprocess): ls
2013-09-23 06:14:36,781 [plugins] [/home/lipengbo/workspace2/ccf/plugins/common/utils.py.execute:169] [DEBUG]- Running cmd (subprocess): ls
2013-09-23 06:15:03,501 [plugins] [/home/lipengbo/workspace2/ccf/plugins/common/utils.py.execute:169] [DEBUG]- Running cmd (subprocess): ls
2013-09-23 06:15:49,556 [plugins] [/home/lipengbo/workspace2/ccf/plugins/common/utils.py.execute:169] [DEBUG]- Running cmd (subprocess): ['ls', '-al', '/etc']
2013-09-23 06:16:02,996 [plugins] [/home/lipengbo/workspace2/ccf/plugins/common/utils.py.execute:169] [DEBUG]- Running cmd (subprocess): ['ls', '-al']
2013-09-23 06:16:19,276 [plugins] [/home/lipengbo/workspace2/ccf/plugins/common/utils.py.execute:169] [DEBUG]- Running cmd (subprocess): ls -al
2013-09-23 06:16:27,668 [plugins] [/home/lipengbo/workspace2/ccf/plugins/common/utils.py.execute:169] [DEBUG]- Running cmd (subprocess): ls -al
2013-09-23 06:16:50,724 [plugins] [/home/lipengbo/workspace2/ccf/plugins/common/utils.py.execute:169] [DEBUG]- Running cmd (subprocess): ls -al
2013-09-23 06:16:55,276 [plugins] [/home/lipengbo/workspace2/ccf/plugins/common/utils.py.execute:169] [DEBUG]- Running cmd (subprocess): ls
2013-09-23 06:17:04,740 [plugins] [/home/lipengbo/workspace2/ccf/plugins/common/utils.py.execute:169] [DEBUG]- Running cmd (subprocess): ifconfig
2013-09-23 06:35:08,564 [plugins] [/home/lipengbo/workspace2/ccf/plugins/common/utils.py.execute:131] [DEBUG]- Running cmd (subprocess): ifconfig -a
2013-09-23 06:50:11,822 [plugins] [/home/lipengbo/workspace2/ccf/plugins/common/utils.py.execute:42] [DEBUG]- Running command: ['i', 'f', 'c', 'o', 'n', 'f', 'i', 'g', ' ', '-', 'a']
2013-09-23 06:51:40,333 [plugins] [/home/lipengbo/workspace2/ccf/plugins/common/utils.py.execute:42] [DEBUG]- Running command: ['i', 'f', 'c', 'o', 'n', 'f', 'i', 'g']
2013-09-23 06:51:49,165 [plugins] [/home/lipengbo/workspace2/ccf/plugins/common/utils.py.execute:42] [DEBUG]- Running command: ['l', 's']
2013-09-23 06:53:26,244 [plugins] [/home/lipengbo/workspace2/ccf/plugins/common/utils.py.execute:42] [DEBUG]- Running command: ['l', 's']
2013-09-23 06:54:34,236 [plugins] [/home/lipengbo/workspace2/ccf/plugins/common/utils.py.execute:42] [DEBUG]- Running command: ['l', 's']
2013-09-23 06:54:44,580 [plugins] [/home/lipengbo/workspace2/ccf/plugins/common/utils.py.execute:42] [DEBUG]- Running command: ['ls']
2013-09-23 06:54:44,594 [plugins] [/home/lipengbo/workspace2/ccf/plugins/common/utils.py.execute:59] [DEBUG]- 
Command: ['ls']
Exit code: 0
Stdout: 'ccf\ncommunication\nCONTRIBUTING.md\ndev.db\netc\nfixtures\n__init__.py\ninvite\nlogs\nmanage.py\nplugins\nproject\nREADME.md\nrequirements.txt\nresources\nslice\n'
Stderr: ''
2013-09-23 06:54:52,468 [plugins] [/home/lipengbo/workspace2/ccf/plugins/common/utils.py.execute:42] [DEBUG]- Running command: ['ls', '-a']
2013-09-23 06:54:52,481 [plugins] [/home/lipengbo/workspace2/ccf/plugins/common/utils.py.execute:59] [DEBUG]- 
Command: ['ls', '-a']
Exit code: 0
Stdout: '.\n..\nccf\ncommunication\nCONTRIBUTING.md\ndev.db\netc\nfixtures\n.git\n.gitignore\n__init__.py\ninvite\nlogs\nmanage.py\nplugins\nproject\n.project\n.pydevproject\nREADME.md\nrequirements.txt\nresources\n.ropeproject\nslice\n'
Stderr: ''
2013-09-23 06:54:58,604 [plugins] [/home/lipengbo/workspace2/ccf/plugins/common/utils.py.execute:42] [DEBUG]- Running command: ['ls', '-al']
2013-09-23 06:54:58,618 [plugins] [/home/lipengbo/workspace2/ccf/plugins/common/utils.py.execute:59] [DEBUG]- 
Command: ['ls', '-al']
Exit code: 0
Stdout: '\xe6\x80\xbb\xe7\x94\xa8\xe9\x87\x8f 208\ndrwxr-xr-x 14 lipengbo lipengbo   4096 Sep 23 06:54 .\ndrwxr-xr-x  6 lipengbo lipengbo   4096 Sep 12 07:31 ..\ndrwxr-xr-x  4 lipengbo lipengbo   4096 Sep 23 01:18 ccf\ndrwxr-xr-x  2 lipengbo lipengbo   4096 Sep 23 01:17 communication\n-rw-r--r--  1 lipengbo lipengbo   6452 Sep 11 01:11 CONTRIBUTING.md\n-rw-r--r--  1 lipengbo lipengbo 116736 Sep 23 05:41 dev.db\ndrwxr-xr-x  2 lipengbo lipengbo   4096 Sep 23 05:40 etc\ndrwxr-xr-x  2 lipengbo lipengbo   4096 Sep 23 01:30 fixtures\ndrwxr-xr-x  8 lipengbo lipengbo   4096 Sep 23 00:50 .git\n-rw-r--r--  1 lipengbo lipengbo     92 Sep 23 00:49 .gitignore\n-rw-r--r--  1 lipengbo lipengbo      0 Sep 11 01:11 __init__.py\ndrwxr-xr-x  3 lipengbo lipengbo   4096 Sep 23 01:17 invite\ndrwxr-xr-x  2 lipengbo lipengbo   4096 Sep 23 00:49 logs\n-rw-r--r--  1 lipengbo lipengbo    290 Sep 23 00:49 manage.py\ndrwxr-xr-x  7 lipengbo lipengbo   4096 Sep 23 01:04 plugins\ndrwxr-xr-x  5 lipengbo lipengbo   4096 Sep 23 05:31 project\n-rw-r--r--  1 lipengbo lipengbo    413 Sep 12 10:42 .project\n-rw-r--r--  1 lipengbo lipengbo    641 Sep 12 10:42 .pydevproject\n-rw-r--r--  1 lipengbo lipengbo    611 Sep 11 01:11 README.md\n-rw-r--r--  1 lipengbo lipengbo    211 Sep 23 00:58 requirements.txt\ndrwxr-xr-x  4 lipengbo lipengbo   4096 Sep 23 05:40 resources\ndrwxr-xr-x  2 lipengbo lipengbo   4096 Sep 23 00:49 .ropeproject\ndrwxr-xr-x  4 lipengbo lipengbo   4096 Sep 23 01:17 slice\n'
Stderr: ''
2013-09-23 06:56:38,771 [plugins] [/home/lipengbo/workspace2/ccf/plugins/common/utils.py.execute:131] [DEBUG]- Running cmd (subprocess): ['ls', '-al']
2013-09-23 06:56:53,147 [plugins] [/home/lipengbo/workspace2/ccf/plugins/common/utils.py.execute:131] [DEBUG]- Running cmd (subprocess): ['ls']
2013-09-23 06:58:20,730 [plugins] [/home/lipengbo/workspace2/ccf/plugins/common/utils.py.execute:42] [DEBUG]- Running command: ['ls']
2013-09-23 06:58:20,744 [plugins] [/home/lipengbo/workspace2/ccf/plugins/common/utils.py.execute:59] [DEBUG]- 
Command: ['ls']
Exit code: 0
Stdout: 'ccf\ncommunication\nCONTRIBUTING.md\ndev.db\netc\nfixtures\n__init__.py\ninvite\nlogs\nmanage.py\nplugins\nproject\nREADME.md\nrequirements.txt\nresources\nslice\n'
Stderr: ''
2013-09-23 06:58:26,714 [plugins] [/home/lipengbo/workspace2/ccf/plugins/common/utils.py.execute:42] [DEBUG]- Running command: ['l', 's']
2013-09-23 06:58:33,386 [plugins] [/home/lipengbo/workspace2/ccf/plugins/common/utils.py.execute:42] [DEBUG]- Running command: ['l', 's']
2013-09-23 06:58:41,034 [plugins] [/home/lipengbo/workspace2/ccf/plugins/common/utils.py.execute:42] [DEBUG]- Running command: ['ls', '-a']
2013-09-23 06:58:41,038 [plugins] [/home/lipengbo/workspace2/ccf/plugins/common/utils.py.execute:59] [DEBUG]- 
Command: ['ls', '-a']
Exit code: 0
Stdout: '.\n..\nccf\ncommunication\nCONTRIBUTING.md\ndev.db\netc\nfixtures\n.git\n.gitignore\n__init__.py\ninvite\nlogs\nmanage.py\nplugins\nproject\n.project\n.pydevproject\nREADME.md\nrequirements.txt\nresources\n.ropeproject\nslice\n'
Stderr: ''
2013-09-23 06:58:46,202 [plugins] [/home/lipengbo/workspace2/ccf/plugins/common/utils.py.execute:42] [DEBUG]- Running command: ['ls', '-a', 'l']
2013-09-23 06:58:46,336 [plugins] [/home/lipengbo/workspace2/ccf/plugins/common/utils.py.execute:59] [DEBUG]- 
Command: ['ls', '-a', 'l']
Exit code: 2
Stdout: ''
Stderr: 'ls: \xe6\x97\xa0\xe6\xb3\x95\xe8\xae\xbf\xe9\x97\xael: \xe6\xb2\xa1\xe6\x9c\x89\xe9\x82\xa3\xe4\xb8\xaa\xe6\x96\x87\xe4\xbb\xb6\xe6\x88\x96\xe7\x9b\xae\xe5\xbd\x95\n'
2013-09-23 06:58:51,842 [plugins] [/home/lipengbo/workspace2/ccf/plugins/common/utils.py.execute:42] [DEBUG]- Running command: ['ls', '-a', '-l']
2013-09-23 06:58:51,846 [plugins] [/home/lipengbo/workspace2/ccf/plugins/common/utils.py.execute:59] [DEBUG]- 
Command: ['ls', '-a', '-l']
Exit code: 0
Stdout: '\xe6\x80\xbb\xe7\x94\xa8\xe9\x87\x8f 208\ndrwxr-xr-x 14 lipengbo lipengbo   4096 Sep 23 06:54 .\ndrwxr-xr-x  6 lipengbo lipengbo   4096 Sep 12 07:31 ..\ndrwxr-xr-x  4 lipengbo lipengbo   4096 Sep 23 01:18 ccf\ndrwxr-xr-x  2 lipengbo lipengbo   4096 Sep 23 01:17 communication\n-rw-r--r--  1 lipengbo lipengbo   6452 Sep 11 01:11 CONTRIBUTING.md\n-rw-r--r--  1 lipengbo lipengbo 116736 Sep 23 05:41 dev.db\ndrwxr-xr-x  2 lipengbo lipengbo   4096 Sep 23 05:40 etc\ndrwxr-xr-x  2 lipengbo lipengbo   4096 Sep 23 01:30 fixtures\ndrwxr-xr-x  8 lipengbo lipengbo   4096 Sep 23 00:50 .git\n-rw-r--r--  1 lipengbo lipengbo     92 Sep 23 00:49 .gitignore\n-rw-r--r--  1 lipengbo lipengbo      0 Sep 11 01:11 __init__.py\ndrwxr-xr-x  3 lipengbo lipengbo   4096 Sep 23 01:17 invite\ndrwxr-xr-x  2 lipengbo lipengbo   4096 Sep 23 00:49 logs\n-rw-r--r--  1 lipengbo lipengbo    290 Sep 23 00:49 manage.py\ndrwxr-xr-x  7 lipengbo lipengbo   4096 Sep 23 01:04 plugins\ndrwxr-xr-x  5 lipengbo lipengbo   4096 Sep 23 05:31 project\n-rw-r--r--  1 lipengbo lipengbo    413 Sep 12 10:42 .project\n-rw-r--r--  1 lipengbo lipengbo    641 Sep 12 10:42 .pydevproject\n-rw-r--r--  1 lipengbo lipengbo    611 Sep 11 01:11 README.md\n-rw-r--r--  1 lipengbo lipengbo    211 Sep 23 00:58 requirements.txt\ndrwxr-xr-x  4 lipengbo lipengbo   4096 Sep 23 05:40 resources\ndrwxr-xr-x  2 lipengbo lipengbo   4096 Sep 23 00:49 .ropeproject\ndrwxr-xr-x  4 lipengbo lipengbo   4096 Sep 23 01:17 slice\n'
Stderr: ''
2013-09-23 07:03:41,009 [plugins] [/home/lipengbo/workspace2/ccf/plugins/common/utils.py.execute:42] [DEBUG]- Running command: ['glance', '-U', 'http://192.168.5.107:9292/v1', 'index']
2013-09-23 07:03:41,328 [plugins] [/home/lipengbo/workspace2/ccf/plugins/common/utils.py.execute:59] [DEBUG]- 
Command: ['glance', '-U', 'http://192.168.5.107:9292/v1', 'index']
Exit code: 0
Stdout: 'ID                                   Name                           Disk Format          Container Format     Size          \n------------------------------------ ------------------------------ -------------------- -------------------- --------------\n7fc070b8-88a5-47ba-9ef0-d98dba9edad5 windowsxp                      qcow2                ovf                      2782658560\na09273ab-382a-4622-b18c-705fda77bdcc 15g_img                        qcow2                ovf                     15585771520\n53807c3b-8d25-4d4f-9249-a798ce0b7013 9m_img                         qcow2                ovf                         9761280\n'
Stderr: 'WARNING! This tool is deprecated in favor of python-glanceclient (see http://github.com/openstack/python-glanceclient).\n'
2013-09-23 07:07:30,006 [plugins] [/home/lipengbo/workspace2/ccf/plugins/common/utils.py.execute:42] [DEBUG]- Running command: ['glance', '-U', 'http://192.168.5.107:9292/v1', 'index']
2013-09-23 07:07:43,686 [plugins] [/home/lipengbo/workspace2/ccf/plugins/common/utils.py.execute:42] [DEBUG]- Running command: ['glance', '-U', 'http://192.168.5.107:9292/v1', 'index']
2013-09-23 07:08:01,206 [plugins] [/home/lipengbo/workspace2/ccf/plugins/common/utils.py.execute:42] [DEBUG]- Running command: ['glance', '-U', 'http://192.168.5.107:9292/v1', 'index']
2013-09-23 07:09:41,805 [plugins] [/home/lipengbo/workspace2/ccf/plugins/common/utils.py.execute:42] [DEBUG]- Running command: ['glance', '-U', 'http://192.168.5.107:9292/v1', 'indexabc']
2013-09-23 07:10:16,573 [plugins] [/home/lipengbo/workspace2/ccf/plugins/common/utils.py.execute:42] [DEBUG]- Running command: ['glance', '-U', 'http://192.168.5.107:9292/v1', 'indexabc']
2013-09-23 07:12:05,757 [plugins] [/home/lipengbo/workspace2/ccf/plugins/common/utils.py.execute:42] [DEBUG]- Running command: ['glance', '-U', 'http://192.168.5.107:9293/v1', 'index']
2013-09-23 07:15:17,938 [plugins] [/home/lipengbo/workspace2/ccf/plugins/common/utils.py.execute:42] [DEBUG]- Running command: ['glance', '-U', 'http://192.168.5.107:9292/v1', 'index']
2013-09-23 07:26:36,438 [plugins] [/home/lipengbo/workspace2/ccf/plugins/common/utils.py.execute:42] [DEBUG]- Running command: ['glance', '-U', 'http://192.168.5.107:9292/v1', 'index']
2013-09-23 07:27:14,905 [plugins] [/home/lipengbo/workspace2/ccf/plugins/common/utils.py.execute:42] [DEBUG]- Running command: ['glance', '-U', 'http://192.168.5.107:9292/v1', 'index']
2013-09-23 08:17:03,524 [plugins] [/home/lipengbo/workspace2/ccf/plugins/common/utils.py.execute:42] [DEBUG]- Running command: ['glance', '-U', 'http://192.168.5.107:9292/v1', 'index']
2013-09-23 08:17:10,344 [plugins] [/home/lipengbo/workspace2/ccf/plugins/common/utils.py.execute:42] [DEBUG]- Running command: ['glance', '-U', 'http://192.168.5.107:9292/v1', 'index']
2013-09-23 10:58:34,093 [plugins] [/home/lipengbo/workspace2/ccf/plugins/common/utils.py.execute:42] [DEBUG]- Running command: ['glance', '-U', 'http://192.168.5.107:9292/v1', 'index']
2013-09-23 10:58:34,277 [plugins] [/home/lipengbo/workspace2/ccf/plugins/common/utils.py.execute:42] [DEBUG]- Running command: ['glance', '-U', 'http://192.168.5.107:9292/v1', 'index']
